$ ./asha-support 60_C0_BF_2F_6E_A0
loop: Initializing
Connecting to 60_C0_BF_2F_6E_A0
Connected to 60_C0_BF_2F_6E_A0
Device: /org/bluez/hci0/dev_60_C0_BF_2F_6E_A0. /org/bluez/hci0/dev_60_C0_BF_2F_6E_A0/service0021
Size: 2
Sent
Size: 17
Data (uint8): 1 0 98 3 34 51 68 85 102 119 1 0 0 0 0 2 0 
Data (hex): 1 0 62 3 22 33 44 55 66 77 1 0 0 0 0 2 0 
Version: 1
Device Capabilities(side): 0
Device Capabilities(type): 0
HiSync ID: 144115188075951974
Feature map: 0
Render delay: 25089
Reserved: 0
Supported Codecs: 0
Sent
Done.
L2CAP: Created socket 60_C0_BF_2F_6E_A0:168
L2CAP socket bound
Setting sockopts
Set recv mtu
Unable to set send mtu. Operation not permitted (1)
L2CAP: Connected to 60:C0:BF:2F:6E:A0:168
socket: 5
Writing to /org/bluez/hci0/dev_60_C0_BF_2F_6E_A0/service0021/char0025
AudioControlPoint Written
     0 | 26517243972227 | Wrote 161 bytes
sleep(19976 μs) |      1 | 26517264127595 | Wrote 161 bytes
sleep(19813 μs) |      2 | 26517284122556 | Wrote 161 bytes
sleep(19814 μs) |      3 | 26517304091944 | Wrote 161 bytes
sleep(19851 μs) |      4 | 26517324128413 | Wrote 161 bytes
sleep(19814 μs) |      5 | 26517344102256 | Wrote 161 bytes
sleep(19831 μs) |      6 | 26517364122379 | Wrote 161 bytes
sleep(19806 μs) |      7 | 26517384032163 | Wrote 161 bytes
sleep(19918 μs) |      8 | 26517404074490 | Wrote 161 bytes
sleep(19874 μs) |      9 | 26517424091371 | Wrote 161 bytes
sleep(19849 μs) |     10 | 26517444067685 | Wrote 161 bytes
sleep(19866 μs) |     11 | 26517464074346 | Wrote 161 bytes
sleep(19859 μs) |     12 | 26517484130421 | Wrote 161 bytes
sleep(19803 μs) |     13 | 26517504146266 | Wrote 161 bytes
sleep(19786 μs) |     14 | 26517524142587 | Wrote 161 bytes
sleep(19786 μs) |     15 | 26517544097389 | Wrote 161 bytes
sleep(19829 μs) |     16 | 26517564143409 | Wrote 161 bytes
sleep(19787 μs) |     17 | 26517584139445 | Wrote 161 bytes
sleep(19793 μs) |     18 | 26517604131733 | Wrote 161 bytes
sleep(19802 μs) |     19 | 26517624134337 | Wrote 161 bytes
sleep(19798 μs) |     20 | 26517644137396 | Wrote 161 bytes
sleep(19794 μs) |     21 | 26517664159003 | Wrote 161 bytes
sleep(19772 μs) |     22 | 26517684135192 | Wrote 161 bytes
sleep(19799 μs) |     23 | 26517704065333 | Wrote 161 bytes
sleep(19870 μs) |     24 | 26517724137736 | Wrote 161 bytes
sleep(19793 μs) |     25 | 26517744150726 | Wrote 161 bytes
sleep(19780 μs) |     26 | 26517764137717 | Wrote 161 bytes
sleep(19795 μs) |     27 | 26517784124377 | Wrote 161 bytes
sleep(19812 μs) |     28 | 26517804090668 | Wrote 161 bytes
sleep(19850 μs) |     29 | 26517824134263 | Wrote 161 bytes
sleep(19810 μs) |     30 | 26517844142330 | Wrote 161 bytes
sleep(19802 μs) |     31 | 26517864073183 | Wrote 161 bytes
sleep(19860 μs) |     32 | 26517884117753 | Wrote 161 bytes
sleep(19805 μs) |     33 | 26517904122622 | Wrote 161 bytes
sleep(19812 μs) |     34 | 26517924057200 | Wrote 161 bytes
sleep(19879 μs) |     35 | 26517944123997 | Wrote 161 bytes
sleep(19804 μs) |     36 | 26517964141998 | Wrote 161 bytes
sleep(19787 μs) |     37 | 26517984136479 | Wrote 161 bytes
sleep(19793 μs) |     38 | 26518004066420 | Wrote 161 bytes
sleep(19864 μs) |     39 | 26518024071922 | Wrote 161 bytes
sleep(19831 μs) |     40 | 26518044149877 | Wrote 161 bytes
sleep(19770 μs) |     41 | 26518064156420 | Wrote 161 bytes
sleep(19772 μs) |     42 | 26518084264780 | Wrote 161 bytes
sleep(19662 μs) |     43 | 26518104096111 | Wrote 161 bytes
sleep(19830 μs) |     44 | 26518124045142 | Wrote 161 bytes
sleep(19908 μs) |     45 | 26518144142874 | Wrote 161 bytes
sleep(19805 μs) |     46 | 26518164242141 | Wrote 161 bytes
sleep(19700 μs) |     47 | 26518184129889 | Wrote 161 bytes
sleep(19803 μs) |     48 | 26518204260006 | Wrote 161 bytes
sleep(19671 μs) |     49 | 26518224188499 | Wrote 161 bytes
sleep(19745 μs) |     50 | 26518244075451 | Wrote 161 bytes
sleep(19860 μs) |     51 | 26518264122007 | Wrote 161 bytes
sleep(19812 μs) |     52 | 26518284104574 | Wrote 161 bytes
sleep(19833 μs) |     53 | 26518304085633 | Wrote 161 bytes
sleep(19863 μs) |     54 | 26518324122726 | Wrote 161 bytes
sleep(19826 μs) |     55 | 26518344114556 | Wrote 161 bytes
sleep(19831 μs) |     56 | 26518364054031 | Wrote 161 bytes
sleep(19881 μs) |     57 | 26518384139612 | Wrote 161 bytes
sleep(19793 μs) |     58 | 26518404138287 | Wrote 161 bytes
sleep(19794 μs) |     59 | 26518424097395 | Wrote 161 bytes
sleep(19835 μs) |     60 | 26518444155929 | Wrote 161 bytes
sleep(19779 μs) |     61 | 26518464151172 | Wrote 161 bytes
sleep(19781 μs) |     62 | 26518484122640 | Wrote 161 bytes
sleep(19810 μs) |     63 | 26518504085619 | Wrote 161 bytes
sleep(19848 μs) |     64 | 26518524153918 | Wrote 161 bytes
sleep(19782 μs) |     65 | 26518544124758 | Wrote 161 bytes
sleep(19807 μs) |     66 | 26518564135011 | Wrote 161 bytes
sleep(19799 μs) |     67 | 26518584124407 | Wrote 161 bytes
sleep(19809 μs) |     68 | 26518604151057 | Wrote 161 bytes
sleep(19780 μs) |     69 | 26518624139901 | Wrote 161 bytes
sleep(19792 μs) |     70 | 26518644166145 | Wrote 161 bytes
sleep(19767 μs) |     71 | 26518664120512 | Wrote 161 bytes
sleep(19813 μs) |     72 | 26518684245112 | Wrote 161 bytes
sleep(19686 μs) |     73 | 26518704136200 | Wrote 161 bytes
sleep(19798 μs) |     74 | 26518724127004 | Wrote 161 bytes
sleep(19807 μs) |     75 | 26518744072706 | Wrote 161 bytes
sleep(19856 μs) |     76 | 26518764036960 | Wrote 161 bytes
sleep(19911 μs) |     77 | 26518784129717 | Wrote 161 bytes
sleep(19814 μs) |     78 | 26518804090635 | Wrote 161 bytes
sleep(19853 μs) |     79 | 26518824049522 | Wrote 161 bytes
sleep(19892 μs) |     80 | 26518844110615 | Wrote 161 bytes
sleep(19822 μs) |     81 | 26518864164104 | Wrote 161 bytes
sleep(19768 μs) |     82 | 26518884137269 | Wrote 161 bytes
sleep(19797 μs) |     83 | 26518904147724 | Wrote 161 bytes
sleep(19786 μs) |     84 | 26518924125613 | Wrote 161 bytes
sleep(19806 μs) |     85 | 26518944141097 | Wrote 161 bytes
sleep(19792 μs) |     86 | 26518964136460 | Wrote 161 bytes
sleep(19797 μs) |     87 | 26518984129148 | Wrote 161 bytes
sleep(19804 μs) |     88 | 26519004130923 | Wrote 161 bytes
sleep(19801 μs) |     89 | 26519024264366 | Wrote 161 bytes
sleep(19667 μs) |     90 | 26519044129858 | Wrote 161 bytes
sleep(19804 μs) |     91 | 26519064113735 | Wrote 161 bytes
sleep(19819 μs) |     92 | 26519084136585 | Wrote 161 bytes
sleep(19796 μs) |     93 | 26519104115412 | Wrote 161 bytes
sleep(19821 μs) |     94 | 26519124122524 | Wrote 161 bytes
sleep(19817 μs) |     95 | 26519144079487 | Wrote 161 bytes
sleep(19854 μs) |     96 | 26519164141516 | Wrote 161 bytes
sleep(19792 μs) |     97 | 26519184155349 | Wrote 161 bytes
sleep(19777 μs) |     98 | 26519204147685 | Wrote 161 bytes
sleep(19787 μs) |     99 | 26519224125299 | Wrote 161 bytes
sleep(19809 μs) |    100 | 26519244066503 | Wrote 161 bytes
sleep(19869 μs) |    101 | 26519264111124 | Wrote 161 bytes
sleep(19822 μs) |    102 | 26519284264603 | Wrote 161 bytes
sleep(19666 μs) |    103 | 26519304101115 | Wrote 161 bytes
sleep(19837 μs) |    104 | 26519324092626 | Wrote 161 bytes
sleep(19848 μs) |    105 | 26519344122684 | Wrote 161 bytes
sleep(19825 μs) |    106 | 26519364125596 | Wrote 161 bytes
sleep(19819 μs) |    107 | 26519384119669 | Wrote 161 bytes
sleep(19814 μs) |    108 | 26519404150385 | Wrote 161 bytes
sleep(19781 μs) |    109 | 26519424071429 | Wrote 161 bytes
sleep(19863 μs) |    110 | 26519444134414 | Wrote 161 bytes
sleep(19801 μs) |    111 | 26519464122633 | Wrote 161 bytes
sleep(19811 μs) |    112 | 26519484150418 | Wrote 161 bytes
sleep(19785 μs) |    113 | 26519504087073 | Wrote 161 bytes
sleep(19842 μs) |    114 | 26519524109334 | Wrote 161 bytes
sleep(19824 μs) |    115 | 26519544135698 | Wrote 161 bytes
sleep(19796 μs) |    116 | 26519564158433 | Wrote 161 bytes
sleep(19767 μs) |    117 | 26519584155461 | Wrote 161 bytes
sleep(19771 μs) |    118 | 26519604135345 | Wrote 161 bytes
sleep(19797 μs) |    119 | 26519624124762 | Wrote 161 bytes
sleep(19808 μs) |    120 | 26519644254323 | Wrote 161 bytes
sleep(19676 μs) |    121 | 26519664148993 | Wrote 161 bytes
sleep(19781 μs) |    122 | 26519684247375 | Wrote 161 bytes
sleep(19683 μs) |    123 | 26519704114036 | Wrote 161 bytes
sleep(19818 μs) |    124 | 26519724141582 | Wrote 161 bytes
sleep(19789 μs) |    125 | 26519744158686 | Wrote 161 bytes
sleep(19773 μs) |    126 | 26519764097300 | Wrote 161 bytes
sleep(19827 μs) |    127 | 26519784141381 | Wrote 161 bytes
sleep(19791 μs) |    128 | 26519804108558 | Wrote 161 bytes
sleep(19823 μs) |    129 | 26519824194459 | Wrote 161 bytes
sleep(19755 μs) |    130 | 26519844157530 | Wrote 161 bytes
sleep(19791 μs) |    131 | 26519864042867 | Wrote 161 bytes
sleep(19901 μs) |    132 | 26519884142425 | Wrote 161 bytes
sleep(19784 μs) |    133 | 26519904135245 | Wrote 161 bytes
sleep(19789 μs) |    134 | 26519924152008 | Wrote 161 bytes
sleep(19796 μs) |    135 | 26519944104684 | Wrote 161 bytes
sleep(19844 μs) |    136 | 26519964152966 | Wrote 161 bytes
sleep(19773 μs) |    137 | 26519984152642 | Wrote 161 bytes
sleep(19776 μs) |    138 | 26520004133038 | Wrote 161 bytes
sleep(19800 μs) |    139 | 26520024121590 | Wrote 161 bytes
sleep(19811 μs) |    140 | 26520044145969 | Wrote 161 bytes
sleep(19784 μs) |    141 | 26520064142706 | Wrote 161 bytes
sleep(19788 μs) |    142 | 26520084265420 | Wrote 161 bytes
sleep(19665 μs) |    143 | 26520104128932 | Wrote 161 bytes
sleep(19804 μs) |    144 | 26520124254448 | Wrote 161 bytes
sleep(19676 μs) |    145 | 26520144243247 | Wrote 161 bytes
sleep(19688 μs) |    146 | 26520164141064 | Wrote 161 bytes
sleep(19793 μs) |    147 | 26520184114858 | Wrote 161 bytes
sleep(19818 μs) |    148 | 26520204134258 | Wrote 161 bytes
sleep(19799 μs) |    149 | 26520224134842 | Wrote 161 bytes
sleep(19799 μs) |    150 | 26520244119062 | Wrote 161 bytes
sleep(19817 μs) |    151 | 26520264073245 | Wrote 161 bytes
sleep(19860 μs) |    152 | 26520284078474 | Wrote 161 bytes
sleep(19853 μs) |    153 | 26520304151722 | Wrote 161 bytes
sleep(19778 μs) |    154 | 26520324116391 | Wrote 161 bytes
sleep(19821 μs) |    155 | 26520344054950 | Wrote 161 bytes
sleep(19886 μs) |    156 | 26520364117534 | Wrote 161 bytes
sleep(19829 μs) |    157 | 26520384045554 | Wrote 161 bytes
sleep(19896 μs) |    158 | 26520404133486 | Wrote 161 bytes
sleep(19800 μs) |    159 | 26520424073489 | Wrote 161 bytes
sleep(19857 μs) |    160 | 26520444139453 | Wrote 161 bytes
sleep(19791 μs) |    161 | 26520464137953 | Wrote 161 bytes
sleep(19795 μs) |    162 | 26520484134261 | Wrote 161 bytes
sleep(19798 μs) |    163 | 26520504135021 | Wrote 161 bytes
sleep(19797 μs) |    164 | 26520524150231 | Wrote 161 bytes
sleep(19780 μs) |    165 | 26520544143123 | Wrote 161 bytes
sleep(19787 μs) |    166 | 26520564100118 | Wrote 161 bytes
sleep(19835 μs) |    167 | 26520584108997 | Wrote 161 bytes
sleep(19829 μs) |    168 | 26520604105175 | Wrote 161 bytes
sleep(19835 μs) |    169 | 26520624071923 | Wrote 161 bytes
sleep(19879 μs) |    170 | 26520644059770 | Wrote 161 bytes
sleep(19893 μs) |    171 | 26520664105497 | Wrote 161 bytes
sleep(19846 μs) |    172 | 26520684151307 | Wrote 161 bytes
sleep(19801 μs) |    173 | 26520704069826 | Wrote 161 bytes
sleep(19882 μs) |    174 | 26520724118709 | Wrote 161 bytes
sleep(19816 μs) |    175 | 26520744059425 | Wrote 161 bytes
sleep(19880 μs) |    176 | 26520764129641 | Wrote 161 bytes
sleep(19803 μs) |    177 | 26520784119925 | Wrote 161 bytes
sleep(19811 μs) |    178 | 26520804107193 | Wrote 161 bytes
sleep(19834 μs) |    179 | 26520824059769 | Wrote 161 bytes
sleep(19878 μs) |    180 | 26520844107263 | Wrote 161 bytes
sleep(19833 μs) |    181 | 26520864081248 | Wrote 161 bytes
sleep(19862 μs) |    182 | 26520884065641 | Wrote 161 bytes
sleep(19887 μs) |    183 | 26520904068311 | Wrote 161 bytes
sleep(19881 μs) |    184 | 26520924097210 | Wrote 161 bytes
sleep(19840 μs) |    185 | 26520944111335 | Wrote 161 bytes
sleep(19831 μs) |    186 | 26520964116732 | Wrote 161 bytes
sleep(19819 μs) |    187 | 26520984121523 | Wrote 161 bytes
sleep(19811 μs) |    188 | 26521004125231 | Wrote 161 bytes
sleep(19813 μs) |    189 | 26521024127983 | Wrote 161 bytes
sleep(19802 μs) |    190 | 26521044111633 | Wrote 161 bytes
sleep(19827 μs) |    191 | 26521064128789 | Wrote 161 bytes
sleep(19808 μs) |    192 | 26521084121200 | Wrote 161 bytes
sleep(19815 μs) |    193 | 26521104065791 | Wrote 161 bytes
sleep(19868 μs) |    194 | 26521124123368 | Wrote 161 bytes
sleep(19810 μs) |    195 | 26521144081341 | Wrote 161 bytes
sleep(19849 μs) |    196 | 26521164120465 | Wrote 161 bytes
sleep(19819 μs) |    197 | 26521194361569 | Wrote 161 bytes
sleep(9560 μs) |    198 | 26521204095219 | Wrote 161 bytes
sleep(19846 μs) |    199 | 26521224133954 | Wrote 161 bytes
sleep(19791 μs) |    200 | 26521244116163 | Wrote 161 bytes
sleep(19823 μs) |    201 | 26521264062319 | Wrote 161 bytes
sleep(19875 μs) |    202 | 26521284122691 | Wrote 161 bytes
sleep(19815 μs) |    203 | 26521304111381 | Wrote 161 bytes
sleep(19829 μs) |    204 | 26521324120765 | Wrote 161 bytes
sleep(19817 μs) |    205 | 26521344122294 | Wrote 161 bytes
sleep(19813 μs) |    206 | 26521364092421 | Wrote 161 bytes
sleep(19847 μs) |    207 | 26521384095052 | Wrote 161 bytes
sleep(19855 μs) |    208 | 26521404105252 | Wrote 161 bytes
sleep(19842 μs) |    209 | 26521424113668 | Wrote 161 bytes
sleep(19828 μs) |    210 | 26521444120064 | Wrote 161 bytes
sleep(19817 μs) |    211 | 26521464120733 | Wrote 161 bytes
sleep(19795 μs) |    212 | 26521484124858 | Wrote 161 bytes
sleep(19808 μs) |    213 | 26521504116667 | Wrote 161 bytes
sleep(19823 μs) |    214 | 26521524119238 | Wrote 161 bytes
sleep(19819 μs) |    215 | 26521544113118 | Wrote 161 bytes
sleep(19825 μs) |    216 | 26521564112269 | Wrote 161 bytes
sleep(19826 μs) |    217 | 26521584116972 | Wrote 161 bytes
sleep(19820 μs) |    218 | 26521604121874 | Wrote 161 bytes
sleep(19815 μs) |    219 | 26521624089676 | Wrote 161 bytes
sleep(19843 μs) |    220 | 26521644082664 | Wrote 161 bytes
sleep(19866 μs) |    221 | 26521664029142 | Wrote 161 bytes
sleep(19921 μs) |    222 | 26521683991748 | Wrote 161 bytes
sleep(19958 μs) |    223 | 26521704025230 | Wrote 161 bytes
sleep(19927 μs) |    224 | 26521724066476 | Wrote 161 bytes
sleep(19879 μs) |    225 | 26521744113325 | Wrote 161 bytes
sleep(19836 μs) |    226 | 26521764119665 | Wrote 161 bytes
sleep(19818 μs) |    227 | 26521784119435 | Wrote 161 bytes
sleep(19819 μs) |    228 | 26521804082525 | Wrote 161 bytes
sleep(19858 μs) |    229 | 26521824131946 | Wrote 161 bytes
sleep(19799 μs) |    230 | 26521844114422 | Wrote 161 bytes
sleep(19821 μs) |    231 | 26521864141926 | Wrote 161 bytes
sleep(19798 μs) |    232 | 26521884113445 | Wrote 161 bytes
sleep(19837 μs) |    233 | 26521904070866 | Wrote 161 bytes
sleep(19876 μs) |    234 | 26521924100493 | Wrote 161 bytes
sleep(19844 μs) |    235 | 26521944115799 | Wrote 161 bytes
sleep(19823 μs) |    236 | 26521964120892 | Wrote 161 bytes
sleep(19816 μs) |    237 | 26521984120565 | Wrote 161 bytes
sleep(19818 μs) |    238 | 26522004065359 | Wrote 161 bytes
sleep(19867 μs) |    239 | 26522024096500 | Wrote 161 bytes
sleep(19828 μs) |    240 | 26522044122433 | Wrote 161 bytes
sleep(19812 μs) |    241 | 26522064114555 | Wrote 161 bytes
sleep(19821 μs) |    242 | 26522084116575 | Wrote 161 bytes
sleep(19821 μs) |    243 | 26522104058170 | Wrote 161 bytes
sleep(19881 μs) |    244 | 26522124116777 | Wrote 161 bytes
sleep(19817 μs) |    245 | 26522144111747 | Wrote 161 bytes
sleep(19827 μs) |    246 | 26522164111025 | Wrote 161 bytes
sleep(19828 μs) |    247 | 26522184062238 | Wrote 161 bytes
sleep(19869 μs) |    248 | 26522204132482 | Wrote 161 bytes
sleep(19803 μs) |    249 | 26522224117016 | Wrote 161 bytes
sleep(19820 μs) |    250 | 26522244130768 | Wrote 161 bytes
sleep(19806 μs) |    251 | 26522264058946 | Wrote 161 bytes
sleep(19874 μs) |    252 | 26522284115587 | Wrote 161 bytes
sleep(19823 μs) |    253 | 26522304125525 | Wrote 161 bytes
sleep(19810 μs) |    254 | 26522324123921 | Wrote 161 bytes
sleep(19814 μs) |    255 | 26522344129166 | Wrote 161 bytes
sleep(19806 μs) |    256 | 26522364117522 | Wrote 161 bytes
sleep(19817 μs) |    257 | 26522384097706 | Wrote 161 bytes
sleep(19841 μs) |    258 | 26522404125525 | Wrote 161 bytes
sleep(19820 μs) |    259 | 26522424077024 | Wrote 161 bytes
sleep(19853 μs) |    260 | 26522444117604 | Wrote 161 bytes
sleep(19823 μs) |    261 | 26522464086610 | Wrote 161 bytes
sleep(19852 μs) |    262 | 26522484131794 | Wrote 161 bytes
sleep(19804 μs) |    263 | 26522504106725 | Wrote 161 bytes
sleep(19826 μs) |    264 | 26522524130039 | Wrote 161 bytes
sleep(19800 μs) |    265 | 26522544111893 | Wrote 161 bytes
sleep(19828 μs) |    266 | 26522564111890 | Wrote 161 bytes
sleep(19828 μs) |    267 | 26522584095474 | Wrote 161 bytes
sleep(19840 μs) |    268 | 26522604112806 | Wrote 161 bytes
sleep(19825 μs) |    269 | 26522624097836 | Wrote 161 bytes
sleep(19840 μs) |    270 | 26522644124810 | Wrote 161 bytes
sleep(19815 μs) |    271 | 26522664094316 | Wrote 161 bytes
sleep(19840 μs) |    272 | 26522684063944 | Wrote 161 bytes
sleep(19876 μs) |    273 | 26522704115993 | Wrote 161 bytes
sleep(19808 μs) |    274 | 26522724062113 | Wrote 161 bytes
sleep(19873 μs) |    275 | 26522744119631 | Wrote 161 bytes
sleep(19812 μs) |    276 | 26522764122910 | Wrote 161 bytes
sleep(19814 μs) |    277 | 26522784112672 | Wrote 161 bytes
sleep(19826 μs) |    278 | 26522804115956 | Wrote 161 bytes
sleep(19821 μs) |    279 | 26522824053852 | Wrote 161 bytes
sleep(19873 μs) |    280 | 26522844111105 | Wrote 161 bytes
sleep(19828 μs) |    281 | 26522864109975 | Wrote 161 bytes
sleep(19827 μs) |    282 | 26522884111310 | Wrote 161 bytes
sleep(19824 μs) |    283 | 26522904080652 | Wrote 161 bytes
sleep(19866 μs) |    284 | 26522924099452 | Wrote 161 bytes
sleep(19842 μs) |    285 | 26522944120118 | Wrote 161 bytes
sleep(19819 μs) |    286 | 26522964079944 | Wrote 161 bytes
sleep(19854 μs) |    287 | 26522984053665 | Wrote 161 bytes
sleep(19887 μs) |    288 | 26523004111915 | Wrote 161 bytes
sleep(19828 μs) |    289 | 26523024067276 | Wrote 161 bytes
sleep(19865 μs) |    290 | 26523044124431 | Wrote 161 bytes
sleep(19816 μs) |    291 | 26523064134151 | Wrote 161 bytes
sleep(19790 μs) |    292 | 26523084137838 | Wrote 161 bytes
sleep(19793 μs) |    293 | 26523104122035 | Wrote 161 bytes
sleep(19809 μs) |    294 | 26523124135477 | Wrote 161 bytes
sleep(19799 μs) |    295 | 26523144123244 | Wrote 161 bytes
sleep(19805 μs) |    296 | 26523164143351 | Wrote 161 bytes
sleep(19788 μs) |    297 | 26523184141774 | Wrote 161 bytes
sleep(19792 μs) |    298 | 26523204082851 | Wrote 161 bytes
sleep(19851 μs) |    299 | 26523224164232 | Wrote 161 bytes
sleep(19774 μs) |    300 | 26523244065722 | Wrote 161 bytes
sleep(19869 μs) |    301 | 26523264155335 | Wrote 161 bytes
sleep(19776 μs) |    302 | 26523284138563 | Wrote 161 bytes
sleep(19795 μs) |    303 | 26523304133213 | Wrote 161 bytes
sleep(19795 μs) |    304 | 26523324153599 | Wrote 161 bytes
sleep(19778 μs) |    305 | 26523344257322 | Wrote 161 bytes
sleep(19670 μs) |    306 | 26523364081437 | Wrote 161 bytes
sleep(19848 μs) |    307 | 26523384062200 | Wrote 161 bytes
sleep(19874 μs) |    308 | 26523404071125 | Wrote 161 bytes
sleep(19880 μs) |    309 | 26523424128260 | Wrote 161 bytes
sleep(19816 μs) |    310 | 26523444129027 | Wrote 161 bytes
sleep(19806 μs) |    311 | 26523464124775 | Wrote 161 bytes
sleep(19807 μs) |    312 | 26523484135599 | Wrote 161 bytes
sleep(19797 μs) |    313 | 26523504112896 | Wrote 161 bytes
sleep(19820 μs) |    314 | 26523524134227 | Wrote 161 bytes
sleep(19799 μs) |    315 | 26523544063896 | Wrote 161 bytes
sleep(19873 μs) |    316 | 26523564140740 | Wrote 161 bytes
sleep(19791 μs) |    317 | 26523584129815 | Wrote 161 bytes
sleep(19806 μs) |    318 | 26523604135028 | Wrote 161 bytes
sleep(19799 μs) |    319 | 26523624068785 | Wrote 161 bytes
sleep(19864 μs) |    320 | 26523644113402 | Wrote 161 bytes
sleep(19819 μs) |    321 | 26523664141106 | Wrote 161 bytes
sleep(19792 μs) |    322 | 26523684079139 | Wrote 161 bytes
sleep(19850 μs) |    323 | 26523704128383 | Wrote 161 bytes
sleep(19797 μs) |    324 | 26523724064229 | Wrote 161 bytes
sleep(19870 μs) |    325 | 26523744125435 | Wrote 161 bytes
sleep(19808 μs) |    326 | 26523764120859 | Wrote 161 bytes
sleep(19818 μs) |    327 | 26523784136226 | Wrote 161 bytes
sleep(19794 μs) |    328 | 26523804257706 | Wrote 161 bytes
sleep(19672 μs) |    329 | 26523824156615 | Wrote 161 bytes
sleep(19775 μs) |    330 | 26523844073817 | Wrote 161 bytes
sleep(19859 μs) |    331 | 26523864081074 | Wrote 161 bytes
sleep(19850 μs) |    332 | 26523884100096 | Wrote 161 bytes
sleep(19843 μs) |    333 | 26523904076433 | Wrote 161 bytes
sleep(19873 μs) |    334 | 26523924075817 | Wrote 161 bytes
sleep(19871 μs) |    335 | 26523944062549 | Wrote 161 bytes
sleep(19874 μs) |    336 | 26523964137436 | Wrote 161 bytes
sleep(19790 μs) |    337 | 26523984055704 | Wrote 161 bytes
sleep(19882 μs) |    338 | 26524004089336 | Wrote 161 bytes
sleep(19840 μs) |    339 | 26524024121421 | Wrote 161 bytes
sleep(19816 μs) |    340 | 26524044083914 | Wrote 161 bytes
sleep(19855 μs) |    341 | 26524064124481 | Wrote 161 bytes
sleep(19813 μs) |    342 | 26524084128707 | Wrote 161 bytes
sleep(19804 μs) |    343 | 26524104111816 | Wrote 161 bytes
sleep(19824 μs) |    344 | 26524124116417 | Wrote 161 bytes
sleep(19824 μs) |    345 | 26524144099729 | Wrote 161 bytes
sleep(19835 μs) |    346 | 26524164114011 | Wrote 161 bytes
sleep(19824 μs) |    347 | 26524184124592 | Wrote 161 bytes
sleep(19801 μs) |    348 | 26524204120496 | Wrote 161 bytes
sleep(19815 μs) |    349 | 26524224123953 | Wrote 161 bytes
sleep(19814 μs) |    350 | 26524244062051 | Wrote 161 bytes
sleep(19875 μs) |    351 | 26524264118885 | Wrote 161 bytes
sleep(19821 μs) |    352 | 26524284109594 | Wrote 161 bytes
sleep(19830 μs) |    353 | 26524304118036 | Wrote 161 bytes
sleep(19820 μs) |    354 | 26524324128483 | Wrote 161 bytes
sleep(19807 μs) |    355 | 26524344130355 | Wrote 161 bytes
sleep(19805 μs) |    356 | 26524364138179 | Wrote 161 bytes
sleep(19794 μs) |    357 | 26524384119181 | Wrote 161 bytes
sleep(19815 μs) |    358 | 26524404088646 | Wrote 161 bytes
sleep(19853 μs) |    359 | 26524424062806 | Wrote 161 bytes
sleep(19885 μs) |    360 | 26524444112895 | Wrote 161 bytes
sleep(19837 μs) |    361 | 26524464116690 | Wrote 161 bytes
sleep(19823 μs) |    362 | 26524484120646 | Wrote 161 bytes
sleep(19820 μs) |    363 | 26524504107007 | Wrote 161 bytes
sleep(19830 μs) |    364 | 26524524067077 | Wrote 161 bytes
sleep(19865 μs) |    365 | 26524544156772 | Wrote 161 bytes
sleep(19783 μs) |    366 | 26524564128756 | Wrote 161 bytes
sleep(19806 μs) |    367 | 26524584118009 | Wrote 161 bytes
sleep(19816 μs) |    368 | 26524604128313 | Wrote 161 bytes
sleep(19809 μs) |    369 | 26524624061634 | Wrote 161 bytes
sleep(19878 μs) |    370 | 26524644169556 | Wrote 161 bytes
sleep(19768 μs) |    371 | 26524664111075 | Wrote 161 bytes
sleep(19825 μs) |    372 | 26524684132009 | Wrote 161 bytes
sleep(19801 μs) |    373 | 26524704129583 | Wrote 161 bytes
sleep(19806 μs) |    374 | 26524724128242 | Wrote 161 bytes
sleep(19811 μs) |    375 | 26524744056595 | Wrote 161 bytes
sleep(19882 μs) |    376 | 26524764134876 | Wrote 161 bytes
sleep(19797 μs) |    377 | 26524784129049 | Wrote 161 bytes
sleep(19807 μs) |    378 | 26524804119254 | Wrote 161 bytes
sleep(19821 μs) |    379 | 26524824054882 | Wrote 161 bytes
sleep(19874 μs) |    380 | 26524844119788 | Wrote 161 bytes
sleep(19821 μs) |    381 | 26524864120033 | Wrote 161 bytes
sleep(19819 μs) |    382 | 26524884110846 | Wrote 161 bytes
sleep(19823 μs) |    383 | 26524904048920 | Wrote 161 bytes
sleep(19888 μs) |    384 | 26524924112510 | Wrote 161 bytes
sleep(19835 μs) |    385 | 26524944100892 | Wrote 161 bytes
sleep(19848 μs) |    386 | 26524964121265 | Wrote 161 bytes
sleep(19815 μs) |    387 | 26524984081797 | Wrote 161 bytes
sleep(19851 μs) |    388 | 26525004137728 | Wrote 161 bytes
sleep(19794 μs) |    389 | 26525024138783 | Wrote 161 bytes
sleep(19789 μs) |    390 | 26525044252058 | Wrote 161 bytes
sleep(19679 μs) |    391 | 26525064128625 | Wrote 161 bytes
sleep(19803 μs) |    392 | 26525084133247 | Wrote 161 bytes
sleep(19798 μs) |    393 | 26525104154132 | Wrote 161 bytes
sleep(19777 μs) |    394 | 26525124161181 | Wrote 161 bytes
sleep(19772 μs) |    395 | 26525144124355 | Wrote 161 bytes
sleep(19808 μs) |    396 | 26525164128998 | Wrote 161 bytes
sleep(19810 μs) |    397 | 26525184131753 | Wrote 161 bytes
sleep(19802 μs) |    398 | 26525204101440 | Wrote 161 bytes
sleep(19839 μs) |    399 | 26525224123677 | Wrote 161 bytes
sleep(19808 μs) |    400 | 26525244121672 | Wrote 161 bytes
sleep(19812 μs) |    401 | 26525264125558 | Wrote 161 bytes
sleep(19807 μs) |    402 | 26525284142203 | Wrote 161 bytes
sleep(19791 μs) |    403 | 26525304129104 | Wrote 161 bytes
sleep(19803 μs) |    404 | 26525324146360 | Wrote 161 bytes
sleep(19782 μs) |    405 | 26525344069551 | Wrote 161 bytes
sleep(19861 μs) |    406 | 26525364135972 | Wrote 161 bytes
sleep(19796 μs) |    407 | 26525384098212 | Wrote 161 bytes
sleep(19840 μs) |    408 | 26525404123285 | Wrote 161 bytes
sleep(19810 μs) |    409 | 26525424081366 | Wrote 161 bytes
sleep(19861 μs) |    410 | 26525444071413 | Wrote 161 bytes
sleep(19878 μs) |    411 | 26525464055417 | Wrote 161 bytes
sleep(19891 μs) |    412 | 26525484109294 | Wrote 161 bytes
sleep(19828 μs) |    413 | 26525504118134 | Wrote 161 bytes
sleep(19814 μs) |    414 | 26525524082946 | Wrote 161 bytes
sleep(19850 μs) |    415 | 26525544128677 | Wrote 161 bytes
sleep(19805 μs) |    416 | 26525564119606 | Wrote 161 bytes
sleep(19820 μs) |    417 | 26525584125931 | Wrote 161 bytes
sleep(19819 μs) |    418 | 26525604091552 | Wrote 161 bytes
sleep(19853 μs) |    419 | 26525624068559 | Wrote 161 bytes
sleep(19877 μs) |    420 | 26525644126741 | Wrote 161 bytes
sleep(19809 μs) |    421 | 26525664135672 | Wrote 161 bytes
sleep(19804 μs) |    422 | 26525684110264 | Wrote 161 bytes
sleep(19831 μs) |    423 | 26525704135077 | Wrote 161 bytes
sleep(19802 μs) |    424 | 26525724123545 | Wrote 161 bytes
sleep(19815 μs) |    425 | 26525744107820 | Wrote 161 bytes
sleep(19829 μs) |    426 | 26525764119771 | Wrote 161 bytes
sleep(19813 μs) |    427 | 26525784118501 | Wrote 161 bytes
sleep(19819 μs) |    428 | 26525804126299 | Wrote 161 bytes
sleep(19809 μs) |    429 | 26525824108781 | Wrote 161 bytes
sleep(19829 μs) |    430 | 26525844107966 | Wrote 161 bytes
sleep(19831 μs) |    431 | 26525864065478 | Wrote 161 bytes
sleep(19871 μs) |    432 | 26525884108589 | Wrote 161 bytes
sleep(19832 μs) |    433 | 26525904112805 | Wrote 161 bytes
sleep(19817 μs) |    434 | 26525924088993 | Wrote 161 bytes
sleep(19851 μs) |    435 | 26525944084354 | Wrote 161 bytes
sleep(19862 μs) |    436 | 26525964108263 | Wrote 161 bytes
sleep(19814 μs) |    437 | 26525984107818 | Wrote 161 bytes
sleep(19832 μs) |    438 | 26526004115455 | Wrote 161 bytes
sleep(19820 μs) |    439 | 26526024240401 | Wrote 161 bytes
sleep(19697 μs) |    440 | 26526044108393 | Wrote 161 bytes
sleep(19832 μs) |    441 | 26526064107282 | Wrote 161 bytes
sleep(19829 μs) |    442 | 26526084107472 | Wrote 161 bytes
sleep(19832 μs) |    443 | 26526104093254 | Wrote 161 bytes
sleep(19845 μs) |    444 | 26526124111962 | Wrote 161 bytes
sleep(19826 μs) |    445 | 26526144122944 | Wrote 161 bytes
sleep(19815 μs) |    446 | 26526164110729 | Wrote 161 bytes
sleep(19806 μs) |    447 | 26526184108694 | Wrote 161 bytes
sleep(19829 μs) |    448 | 26526204099517 | Wrote 161 bytes
sleep(19840 μs) |    449 | 26526224116444 | Wrote 161 bytes
sleep(19823 μs) |    450 | 26526244093405 | Wrote 161 bytes
sleep(19840 μs) |    451 | 26526264078474 | Wrote 161 bytes
sleep(19856 μs) |    452 | 26526284116983 | Wrote 161 bytes
sleep(19819 μs) |    453 | 26526304072357 | Wrote 161 bytes
sleep(19856 μs) |    454 | 26526324115897 | Wrote 161 bytes
sleep(19821 μs) |    455 | 26526344114785 | Wrote 161 bytes
sleep(19823 μs) |    456 | 26526364123519 | Wrote 161 bytes
sleep(19795 μs) |    457 | 26526384115528 | Wrote 161 bytes
sleep(19826 μs) |    458 | 26526404116851 | Wrote 161 bytes
sleep(19817 μs) |    459 | 26526424074798 | Wrote 161 bytes
sleep(19868 μs) |    460 | 26526444100277 | Wrote 161 bytes
sleep(19847 μs) |    461 | 26526464101948 | Wrote 161 bytes
sleep(19849 μs) |    462 | 26526484105445 | Wrote 161 bytes
sleep(19837 μs) |    463 | 26526504136888 | Wrote 161 bytes
sleep(19796 μs) |    464 | 26526524117644 | Wrote 161 bytes
sleep(19818 μs) |    465 | 26526544123930 | Wrote 161 bytes
sleep(19812 μs) |    466 | 26526564068388 | Wrote 161 bytes
sleep(19866 μs) |    467 | 26526584088328 | Wrote 161 bytes
sleep(19847 μs) |    468 | 26526604107700 | Wrote 161 bytes
sleep(19832 μs) |    469 | 26526624118065 | Wrote 161 bytes
sleep(19816 μs) |    470 | 26526644117571 | Wrote 161 bytes
sleep(19816 μs) |    471 | 26526664106786 | Wrote 161 bytes
sleep(19830 μs) |    472 | 26526684115657 | Wrote 161 bytes
sleep(19825 μs) |    473 | 26526704103316 | Wrote 161 bytes
sleep(19834 μs) |    474 | 26526724115685 | Wrote 161 bytes
sleep(19823 μs) |    475 | 26526744116749 | Wrote 161 bytes
sleep(19817 μs) |    476 | 26526764103585 | Wrote 161 bytes
sleep(19829 μs) |    477 | 26526784105215 | Wrote 161 bytes
sleep(19835 μs) |    478 | 26526804121391 | Wrote 161 bytes
sleep(19809 μs) |    479 | 26526824058559 | Wrote 161 bytes
sleep(19872 μs) |    480 | 26526844106853 | Wrote 161 bytes
sleep(19822 μs) |    481 | 26526864076705 | Wrote 161 bytes
sleep(19868 μs) |    482 | 26526884164112 | Wrote 161 bytes
sleep(19787 μs) |    483 | 26526904068918 | Wrote 161 bytes
sleep(19880 μs) |    484 | 26526924160470 | Wrote 161 bytes
sleep(19784 μs) |    485 | 26526944111716 | Wrote 161 bytes
sleep(19837 μs) |    486 | 26526964039565 | Wrote 161 bytes
sleep(19906 μs) |    487 | 26526984106697 | Wrote 161 bytes
sleep(19833 μs) |    488 | 26527004073851 | Wrote 161 bytes
sleep(19858 μs) |    489 | 26527024122894 | Wrote 161 bytes
sleep(19814 μs) |    490 | 26527044114424 | Wrote 161 bytes
sleep(19825 μs) |    491 | 26527064114136 | Wrote 161 bytes
sleep(19822 μs) |    492 | 26527084119545 | Wrote 161 bytes
sleep(19814 μs) |    493 | 26527104130413 | Wrote 161 bytes
sleep(19800 μs) |    494 | 26527124059722 | Wrote 161 bytes
sleep(19879 μs) |    495 | 26527144187991 | Wrote 161 bytes
sleep(19742 μs) |    496 | 26527164144388 | Wrote 161 bytes
sleep(19789 μs) |    497 | 26527184117971 | Wrote 161 bytes
sleep(19822 μs) |    498 | 26527204115565 | Wrote 161 bytes
sleep(19814 μs) |    499 | 26527224057587 | Wrote 161 bytes
sleep(19879 μs) |    500 | 26527244109717 | Wrote 161 bytes
sleep(19831 μs) |    501 | 26527264110283 | Wrote 161 bytes
sleep(19827 μs) |    502 | 26527284112126 | Wrote 161 bytes
sleep(19826 μs) |    503 | 26527304059138 | Wrote 161 bytes
sleep(19872 μs) |    504 | 26527324105515 | Wrote 161 bytes
sleep(19829 μs) |    505 | 26527344115678 | Wrote 161 bytes
sleep(19822 μs) |    506 | 26527364113170 | Wrote 161 bytes
sleep(19829 μs) |    507 | 26527384071712 | Wrote 161 bytes
sleep(19860 μs) |    508 | 26527404130657 | Wrote 161 bytes
sleep(19803 μs) |    509 | 26527424070890 | Wrote 161 bytes
sleep(19858 μs) |    510 | 26527444035433 | Wrote 161 bytes
sleep(19912 μs) |    511 | 26527464074695 | Wrote 161 bytes
sleep(19876 μs) |    512 | 26527484086097 | Wrote 161 bytes
sleep(19863 μs) |    513 | 26527504116283 | Wrote 161 bytes
sleep(19819 μs) |    514 | 26527524115085 | Wrote 161 bytes
sleep(19826 μs) |    515 | 26527544066575 | Wrote 161 bytes
sleep(19871 μs) |    516 | 26527564114073 | Wrote 161 bytes
sleep(19821 μs) |    517 | 26527584059995 | Wrote 161 bytes
sleep(19857 μs) |    518 | 26527604067325 | Wrote 161 bytes
sleep(19869 μs) |    519 | 26527624114182 | Wrote 161 bytes
sleep(19824 μs) |    520 | 26527644075062 | Wrote 161 bytes
sleep(19860 μs) |    521 | 26527664116393 | Wrote 161 bytes
sleep(19824 μs) |    522 | 26527684105301 | Wrote 161 bytes
sleep(19835 μs) |    523 | 26527704086576 | Wrote 161 bytes
sleep(19825 μs) |    524 | 26527724101616 | Wrote 161 bytes
sleep(19839 μs) |    525 | 26527744114400 | Wrote 161 bytes
sleep(19822 μs) |    526 | 26527764122598 | Wrote 161 bytes
sleep(19812 μs) |    527 | 26527784112937 | Wrote 161 bytes
sleep(19821 μs) |    528 | 26527804112294 | Wrote 161 bytes
sleep(19824 μs) |    529 | 26527824122929 | Wrote 161 bytes
sleep(19814 μs) |    530 | 26527844114151 | Wrote 161 bytes
sleep(19825 μs) |    531 | 26527864114588 | Wrote 161 bytes
sleep(19821 μs) |    532 | 26527884132356 | Wrote 161 bytes
sleep(19799 μs) |    533 | 26527904094812 | Wrote 161 bytes
sleep(19845 μs) |    534 | 26527924111976 | Wrote 161 bytes
sleep(19821 μs) |    535 | 26527944123077 | Wrote 161 bytes
sleep(19806 μs) |    536 | 26527964092199 | Wrote 161 bytes
sleep(19850 μs) |    537 | 26527984122356 | Wrote 161 bytes
sleep(19825 μs) |    538 | 26528004076378 | Wrote 161 bytes
sleep(19874 μs) |    539 | 26528024076160 | Wrote 161 bytes
sleep(19869 μs) |    540 | 26528044143371 | Wrote 161 bytes
sleep(19795 μs) |    541 | 26528064112751 | Wrote 161 bytes
sleep(19826 μs) |    542 | 26528084115847 | Wrote 161 bytes
sleep(19826 μs) |    543 | 26528104075439 | Wrote 161 bytes
sleep(19852 μs) |    544 | 26528124107747 | Wrote 161 bytes
sleep(19830 μs) |    545 | 26528144074039 | Wrote 161 bytes
sleep(19862 μs) |    546 | 26528164114909 | Wrote 161 bytes
sleep(19825 μs) |    547 | 26528184129201 | Wrote 161 bytes
sleep(19807 μs) |    548 | 26528204069629 | Wrote 161 bytes
sleep(19862 μs) |    549 | 26528224104815 | Wrote 161 bytes
sleep(19834 μs) |    550 | 26528244111356 | Wrote 161 bytes
sleep(19829 μs) |    551 | 26528264121313 | Wrote 161 bytes
sleep(19815 μs) |    552 | 26528284052910 | Wrote 161 bytes
sleep(19883 μs) |    553 | 26528304125519 | Wrote 161 bytes
sleep(19807 μs) |    554 | 26528324144291 | Wrote 161 bytes
sleep(19794 μs) |    555 | 26528344189320 | Wrote 161 bytes
sleep(19748 μs) |    556 | 26528364138618 | Wrote 161 bytes
sleep(19794 μs) |    557 | 26528384115159 | Wrote 161 bytes
sleep(19823 μs) |    558 | 26528404113718 | Wrote 161 bytes
sleep(19827 μs) |    559 | 26528424112630 | Wrote 161 bytes
sleep(19824 μs) |    560 | 26528444123586 | Wrote 161 bytes
sleep(19816 μs) |    561 | 26528464114996 | Wrote 161 bytes
sleep(19818 μs) |    562 | 26528484087550 | Wrote 161 bytes
sleep(19852 μs) |    563 | 26528504088993 | Wrote 161 bytes
sleep(19854 μs) |    564 | 26528524090754 | Wrote 161 bytes
sleep(19852 μs) |    565 | 26528544105005 | Wrote 161 bytes
sleep(19836 μs) |    566 | 26528564108681 | Wrote 161 bytes
sleep(19827 μs) |    567 | 26528584114053 | Wrote 161 bytes
sleep(19825 μs) |    568 | 26528604112723 | Wrote 161 bytes
sleep(19823 μs) |    569 | 26528624121070 | Wrote 161 bytes
sleep(19820 μs) |    570 | 26528644103073 | Wrote 161 bytes
sleep(19833 μs) |    571 | 26528664113023 | Wrote 161 bytes
sleep(19824 μs) |    572 | 26528684110636 | Wrote 161 bytes
sleep(19830 μs) |    573 | 26528704111278 | Wrote 161 bytes
sleep(19825 μs) |    574 | 26528724112314 | Wrote 161 bytes
sleep(19827 μs) |    575 | 26528744106848 | Wrote 161 bytes
sleep(19831 μs) |    576 | 26528764117601 | Wrote 161 bytes
sleep(19821 μs) |    577 | 26528784117456 | Wrote 161 bytes
sleep(19820 μs) |    578 | 26528804109879 | Wrote 161 bytes
sleep(19830 μs) |    579 | 26528824110675 | Wrote 161 bytes
sleep(19825 μs) |    580 | 26528844114729 | Wrote 161 bytes
sleep(19824 μs) |    581 | 26528864119583 | Wrote 161 bytes
sleep(19821 μs) |    582 | 26528884088711 | Wrote 161 bytes
sleep(19849 μs) |    583 | 26528904062888 | Wrote 161 bytes
sleep(19874 μs) |    584 | 26528924150015 | Wrote 161 bytes
sleep(19799 μs) |    585 | 26528944084790 | Wrote 161 bytes
sleep(19864 μs) |    586 | 26528964088423 | Wrote 161 bytes
sleep(19854 μs) |    587 | 26528984047266 | Wrote 161 bytes
sleep(19896 μs) |    588 | 26529004065569 | Wrote 161 bytes
sleep(19867 μs) |    589 | 26529024120902 | Wrote 161 bytes
sleep(19813 μs) |    590 | 26529044123456 | Wrote 161 bytes
sleep(19816 μs) |    591 | 26529064108715 | Wrote 161 bytes
sleep(19829 μs) |    592 | 26529084107777 | Wrote 161 bytes
sleep(19834 μs) |    593 | 26529104126564 | Wrote 161 bytes
sleep(19808 μs) |    594 | 26529124121135 | Wrote 161 bytes
sleep(19818 μs) |    595 | 26529144125127 | Wrote 161 bytes
sleep(19814 μs) |    596 | 26529164117396 | Wrote 161 bytes
sleep(19821 μs) |    597 | 26529184110720 | Wrote 161 bytes
sleep(19826 μs) |    598 | 26529204124822 | Wrote 161 bytes
sleep(19810 μs) |    599 | 26529224088876 | Wrote 161 bytes
sleep(19845 μs) |    600 | 26529244107397 | Wrote 161 bytes
sleep(19830 μs) |    601 | 26529264109043 | Wrote 161 bytes
sleep(19831 μs) |    602 | 26529284114308 | Wrote 161 bytes
sleep(19818 μs) |    603 | 26529304106424 | Wrote 161 bytes
sleep(19831 μs) |    604 | 26529324126433 | Wrote 161 bytes
sleep(19807 μs) |    605 | 26529344104334 | Wrote 161 bytes
sleep(19834 μs) |    606 | 26529364119465 | Wrote 161 bytes
sleep(19819 μs) |    607 | 26529384106257 | Wrote 161 bytes
sleep(19827 μs) |    608 | 26529404105310 | Wrote 161 bytes
sleep(19830 μs) |    609 | 26529424114999 | Wrote 161 bytes
sleep(19819 μs) |    610 | 26529444115238 | Wrote 161 bytes
sleep(19819 μs) |    611 | 26529464087152 | Wrote 161 bytes
sleep(19844 μs) |    612 | 26529484090005 | Wrote 161 bytes
sleep(19847 μs) |    613 | 26529504041665 | Wrote 161 bytes
sleep(19904 μs) |    614 | 26529524092700 | Wrote 161 bytes
sleep(19855 μs) |    615 | 26529544109924 | Wrote 161 bytes
sleep(19826 μs) |    616 | 26529564113398 | Wrote 161 bytes
sleep(19823 μs) |    617 | 26529584139272 | Wrote 161 bytes
sleep(19793 μs) |    618 | 26529604105284 | Wrote 161 bytes
sleep(19831 μs) |    619 | 26529624078713 | Wrote 161 bytes
sleep(19854 μs) |    620 | 26529644115509 | Wrote 161 bytes
sleep(19825 μs) |    621 | 26529664112673 | Wrote 161 bytes
sleep(19826 μs) |    622 | 26529684102372 | Wrote 161 bytes
sleep(19839 μs) |    623 | 26529704118317 | Wrote 161 bytes
sleep(19820 μs) |    624 | 26529724115386 | Wrote 161 bytes
sleep(19823 μs) |    625 | 26529744122800 | Wrote 161 bytes
sleep(19816 μs) |    626 | 26529764100041 | Wrote 161 bytes
sleep(19838 μs) |    627 | 26529784077274 | Wrote 161 bytes
sleep(19857 μs) |    628 | 26529804094516 | Wrote 161 bytes
sleep(19844 μs) |    629 | 26529824101942 | Wrote 161 bytes
sleep(19833 μs) |    630 | 26529844107525 | Wrote 161 bytes
sleep(19831 μs) |    631 | 26529864112835 | Wrote 161 bytes
sleep(19828 μs) |    632 | 26529884104515 | Wrote 161 bytes
sleep(19836 μs) |    633 | 26529904127036 | Wrote 161 bytes
sleep(19804 μs) |    634 | 26529924109180 | Wrote 161 bytes
sleep(19822 μs) |    635 | 26529944052117 | Wrote 161 bytes
sleep(19887 μs) |    636 | 26529964114556 | Wrote 161 bytes
sleep(19823 μs) |    637 | 26529984054888 | Wrote 161 bytes
sleep(19873 μs) |    638 | 26530004035167 | Wrote 161 bytes
sleep(19914 μs) |    639 | 26530024030657 | Wrote 161 bytes
sleep(19919 μs) |    640 | 26530044088670 | Wrote 161 bytes
sleep(19854 μs) |    641 | 26530064112766 | Wrote 161 bytes
sleep(19828 μs) |    642 | 26530084105987 | Wrote 161 bytes
sleep(19830 μs) |    643 | 26530104127155 | Wrote 161 bytes
sleep(19790 μs) |    644 | 26530124116491 | Wrote 161 bytes
sleep(19819 μs) |    645 | 26530144119911 | Wrote 161 bytes
sleep(19815 μs) |    646 | 26530164138944 | Wrote 161 bytes
sleep(19791 μs) |    647 | 26530184137860 | Wrote 161 bytes
sleep(19795 μs) |    648 | 26530204118247 | Wrote 161 bytes
sleep(19819 μs) |    649 | 26530224065528 | Wrote 161 bytes
sleep(19871 μs) |    650 | 26530244115103 | Wrote 161 bytes
sleep(19825 μs) |    651 | 26530264114763 | Wrote 161 bytes
sleep(19824 μs) |    652 | 26530284102394 | Wrote 161 bytes
sleep(19837 μs) |    653 | 26530304070576 | Wrote 161 bytes
sleep(19860 μs) |    654 | 26530324130594 | Wrote 161 bytes
sleep(19806 μs) |    655 | 26530344126951 | Wrote 161 bytes
sleep(19807 μs) |    656 | 26530364067951 | Wrote 161 bytes
sleep(19873 μs) |    657 | 26530384095322 | Wrote 161 bytes
sleep(19845 μs) |    658 | 26530404126896 | Wrote 161 bytes
sleep(19802 μs) |    659 | 26530424121172 | Wrote 161 bytes
sleep(19813 μs) |    660 | 26530444121228 | Wrote 161 bytes
sleep(19813 μs) |    661 | 26530464131914 | Wrote 161 bytes
sleep(19799 μs) |    662 | 26530484103337 | Wrote 161 bytes
sleep(19828 μs) |    663 | 26530504095756 | Wrote 161 bytes
sleep(19852 μs) |    664 | 26530524114401 | Wrote 161 bytes
sleep(19835 μs) |    665 | 26530544111747 | Wrote 161 bytes
sleep(19829 μs) |    666 | 26530564058532 | Wrote 161 bytes
sleep(19881 μs) |    667 | 26530584116024 | Wrote 161 bytes
sleep(19821 μs) |    668 | 26530604120907 | Wrote 161 bytes
sleep(19819 μs) |    669 | 26530624072749 | Wrote 161 bytes
sleep(19864 μs) |    670 | 26530644124577 | Wrote 161 bytes
sleep(19815 μs) |    671 | 26530664078694 | Wrote 161 bytes
sleep(19852 μs) |    672 | 26530684121117 | Wrote 161 bytes
sleep(19819 μs) |    673 | 26530704125172 | Wrote 161 bytes
sleep(19814 μs) |    674 | 26530724121056 | Wrote 161 bytes
sleep(19817 μs) |    675 | 26530744078939 | Wrote 161 bytes
sleep(19854 μs) |    676 | 26530764128613 | Wrote 161 bytes
sleep(19809 μs) |    677 | 26530784101743 | Wrote 161 bytes
sleep(19837 μs) |    678 | 26530804120297 | Wrote 161 bytes
sleep(19812 μs) |    679 | 26530824069799 | Wrote 161 bytes
sleep(19860 μs) |    680 | 26530844123700 | Wrote 161 bytes
sleep(19815 μs) |    681 | 26530864114163 | Wrote 161 bytes
sleep(19826 μs) |    682 | 26530884119258 | Wrote 161 bytes
sleep(19817 μs) |    683 | 26530904084727 | Wrote 161 bytes
sleep(19839 μs) |    684 | 26530924106069 | Wrote 161 bytes
sleep(19833 μs) |    685 | 26530944116280 | Wrote 161 bytes
sleep(19821 μs) |    686 | 26530964099860 | Wrote 161 bytes
sleep(19841 μs) |    687 | 26530984061044 | Wrote 161 bytes
sleep(19876 μs) |    688 | 26531004088834 | Wrote 161 bytes
sleep(19858 μs) |    689 | 26531024097024 | Wrote 161 bytes
sleep(19848 μs) |    690 | 26531044062768 | Wrote 161 bytes
sleep(19874 μs) |    691 | 26531064136198 | Wrote 161 bytes
sleep(19798 μs) |    692 | 26531084121131 | Wrote 161 bytes
sleep(19815 μs) |    693 | 26531104127806 | Wrote 161 bytes
sleep(19808 μs) |    694 | 26531124194801 | Wrote 161 bytes
sleep(19742 μs) |    695 | 26531144100630 | Wrote 161 bytes
sleep(19837 μs) |    696 | 26531164115700 | Wrote 161 bytes
sleep(19821 μs) |    697 | 26531184121314 | Wrote 161 bytes
sleep(19816 μs) |    698 | 26531204113737 | Wrote 161 bytes
sleep(19819 μs) |    699 | 26531224126812 | Wrote 161 bytes
sleep(19803 μs) |    700 | 26531244123592 | Wrote 161 bytes
sleep(19817 μs) |    701 | 26531264115825 | Wrote 161 bytes
sleep(19824 μs) |    702 | 26531284117521 | Wrote 161 bytes
sleep(19825 μs) |    703 | 26531304115214 | Wrote 161 bytes
sleep(19805 μs) |    704 | 26531324106730 | Wrote 161 bytes
sleep(19832 μs) |    705 | 26531344113357 | Wrote 161 bytes
sleep(19824 μs) |    706 | 26531364117114 | Wrote 161 bytes
sleep(19819 μs) |    707 | 26531384141498 | Wrote 161 bytes
sleep(19789 μs) |    708 | 26531404115036 | Wrote 161 bytes
sleep(19821 μs) |    709 | 26531424114139 | Wrote 161 bytes
sleep(19826 μs) |    710 | 26531444122596 | Wrote 161 bytes
sleep(19812 μs) |    711 | 26531464113802 | Wrote 161 bytes
sleep(19825 μs) |    712 | 26531484077648 | Wrote 161 bytes
sleep(19864 μs) |    713 | 26531504014185 | Wrote 161 bytes
sleep(19930 μs) |    714 | 26531524120566 | Wrote 161 bytes
sleep(19828 μs) |    715 | 26531544099696 | Wrote 161 bytes
sleep(19840 μs) |    716 | 26531564139591 | Wrote 161 bytes
sleep(19792 μs) |    717 | 26531584113295 | Wrote 161 bytes
sleep(19826 μs) |    718 | 26531604104727 | Wrote 161 bytes
sleep(19825 μs) |    719 | 26531624104333 | Wrote 161 bytes
sleep(19834 μs) |    720 | 26531644126249 | Wrote 161 bytes
sleep(19813 μs) |    721 | 26531664096627 | Wrote 161 bytes
sleep(19841 μs) |    722 | 26531684115029 | Wrote 161 bytes
sleep(19826 μs) |    723 | 26531704115152 | Wrote 161 bytes
sleep(19819 μs) |    724 | 26531724110755 | Wrote 161 bytes
sleep(19825 μs) |    725 | 26531744120910 | Wrote 161 bytes
sleep(19817 μs) |    726 | 26531764126512 | Wrote 161 bytes
sleep(19810 μs) |    727 | 26531784058836 | Wrote 161 bytes
sleep(19879 μs) |    728 | 26531804101921 | Wrote 161 bytes
sleep(19834 μs) |    729 | 26531824113943 | Wrote 161 bytes
sleep(19823 μs) |    730 | 26531844221530 | Wrote 161 bytes
sleep(19710 μs) |    731 | 26531864135277 | Wrote 161 bytes
sleep(19802 μs) |    732 | 26531884115730 | Wrote 161 bytes
sleep(19822 μs) |    733 | 26531904084931 | Wrote 161 bytes
sleep(19824 μs) |    734 | 26531924117865 | Wrote 161 bytes
sleep(19815 μs) |    735 | 26531944082642 | Wrote 161 bytes
sleep(19855 μs) |    736 | 26531964128592 | Wrote 161 bytes
sleep(19803 μs) |    737 | 26531984109407 | Wrote 161 bytes
sleep(19828 μs) |    738 | 26532004059873 | Wrote 161 bytes
sleep(19876 μs) |    739 | 26532024105434 | Wrote 161 bytes
sleep(19830 μs) |    740 | 26532044101139 | Wrote 161 bytes
sleep(19851 μs) |    741 | 26532064124652 | Wrote 161 bytes
sleep(19816 μs) |    742 | 26532084120580 | Wrote 161 bytes
sleep(19816 μs) |    743 | 26532104140443 | Wrote 161 bytes
sleep(19794 μs) |    744 | 26532124121758 | Wrote 161 bytes
sleep(19815 μs) |    745 | 26532144120061 | Wrote 161 bytes
sleep(19814 μs) |    746 | 26532164104415 | Wrote 161 bytes
sleep(19834 μs) |    747 | 26532184147024 | Wrote 161 bytes
sleep(19793 μs) |    748 | 26532204126151 | Wrote 161 bytes
sleep(19809 μs) |    749 | 26532224114157 | Wrote 161 bytes
sleep(19827 μs) |    750 | 26532244117442 | Wrote 161 bytes
sleep(19821 μs) |    751 | 26532264128728 | Wrote 161 bytes
sleep(19808 μs) |    752 | 26532284111240 | Wrote 161 bytes
sleep(19828 μs) |    753 | 26532304116779 | Wrote 161 bytes
sleep(19820 μs) |    754 | 26532324064593 | Wrote 161 bytes
sleep(19871 μs) |    755 | 26532344115893 | Wrote 161 bytes
sleep(19820 μs) |    756 | 26532364113830 | Wrote 161 bytes
sleep(19825 μs) |    757 | 26532384106509 | Wrote 161 bytes
sleep(19828 μs) |    758 | 26532404062066 | Wrote 161 bytes
sleep(19877 μs) |    759 | 26532424076072 | Wrote 161 bytes
sleep(19860 μs) |    760 | 26532444122502 | Wrote 161 bytes
sleep(19815 μs) |    761 | 26532464128634 | Wrote 161 bytes
sleep(19808 μs) |    762 | 26532484116657 | Wrote 161 bytes
sleep(19823 μs) |    763 | 26532504105702 | Wrote 161 bytes
sleep(19831 μs) |    764 | 26532524093099 | Wrote 161 bytes
sleep(19841 μs) |    765 | 26532544094254 | Wrote 161 bytes
sleep(19857 μs) |    766 | 26532564096145 | Wrote 161 bytes
sleep(19850 μs) |    767 | 26532584103576 | Wrote 161 bytes
sleep(19834 μs) |    768 | 26532604124369 | Wrote 161 bytes
sleep(19812 μs) |    769 | 26532624122768 | Wrote 161 bytes
sleep(19799 μs) |    770 | 26532644125739 | Wrote 161 bytes
sleep(19815 μs) |    771 | 26532664114834 | Wrote 161 bytes
sleep(19817 μs) |    772 | 26532684127355 | Wrote 161 bytes
sleep(19812 μs) |    773 | 26532704112344 | Wrote 161 bytes
sleep(19823 μs) |    774 | 26532724127800 | Wrote 161 bytes
sleep(19811 μs) |    775 | 26532744059297 | Wrote 161 bytes
sleep(19879 μs) |    776 | 26532764111109 | Wrote 161 bytes
sleep(19825 μs) |    777 | 26532784123010 | Wrote 161 bytes
sleep(19817 μs) |    778 | 26532804130095 | Wrote 161 bytes
sleep(19804 μs) |    779 | 26532824060304 | Wrote 161 bytes
sleep(19877 μs) |    780 | 26532844122757 | Wrote 161 bytes
sleep(19815 μs) |    781 | 26532864136954 | Wrote 161 bytes
sleep(19795 μs) |    782 | 26532884106881 | Wrote 161 bytes
sleep(19831 μs) |    783 | 26532904110074 | Wrote 161 bytes
sleep(19825 μs) |    784 | 26532924121423 | Wrote 161 bytes
sleep(19815 μs) |    785 | 26532944121337 | Wrote 161 bytes
sleep(19815 μs) |    786 | 26532964133324 | Wrote 161 bytes
sleep(19799 μs) |    787 | 26532984055273 | Wrote 161 bytes
sleep(19886 μs) |    788 | 26533004079662 | Wrote 161 bytes
sleep(19861 μs) |    789 | 26533024134471 | Wrote 161 bytes
sleep(19814 μs) |    790 | 26533044024490 | Wrote 161 bytes
sleep(19928 μs) |    791 | 26533064077422 | Wrote 161 bytes
sleep(19869 μs) |    792 | 26533084071665 | Wrote 161 bytes
sleep(19863 μs) |    793 | 26533104119928 | Wrote 161 bytes
sleep(19813 μs) |    794 | 26533124112262 | Wrote 161 bytes
sleep(19827 μs) |    795 | 26533144112137 | Wrote 161 bytes
sleep(19821 μs) |    796 | 26533164110878 | Wrote 161 bytes
sleep(19822 μs) |    797 | 26533184129095 | Wrote 161 bytes
sleep(19807 μs) |    798 | 26533204140157 | Wrote 161 bytes
sleep(19795 μs) |    799 | 26533224101783 | Wrote 161 bytes
sleep(19836 μs) |    800 | 26533244100924 | Wrote 161 bytes
sleep(19836 μs) |    801 | 26533264115003 | Wrote 161 bytes
sleep(19824 μs) |    802 | 26533284055934 | Wrote 161 bytes
sleep(19880 μs) |    803 | 26533304093680 | Wrote 161 bytes
sleep(19839 μs) |    804 | 26533324113669 | Wrote 161 bytes
sleep(19825 μs) |    805 | 26533344121324 | Wrote 161 bytes
sleep(19815 μs) |    806 | 26533364131395 | Wrote 161 bytes
sleep(19808 μs) |    807 | 26533384075332 | Wrote 161 bytes
sleep(19857 μs) |    808 | 26533404126765 | Wrote 161 bytes
sleep(19812 μs) |    809 | 26533424128258 | Wrote 161 bytes
sleep(19810 μs) |    810 | 26533444119686 | Wrote 161 bytes
sleep(19822 μs) |    811 | 26533464177061 | Wrote 161 bytes
sleep(19760 μs) |    812 | 26533484113497 | Wrote 161 bytes
sleep(19827 μs) |    813 | 26533504116047 | Wrote 161 bytes
sleep(19816 μs) |    814 | 26533524102880 | Wrote 161 bytes
sleep(19834 μs) |    815 | 26533544105744 | Wrote 161 bytes
sleep(19833 μs) |    816 | 26533564119072 | Wrote 161 bytes
sleep(19828 μs) |    817 | 26533584120156 | Wrote 161 bytes
sleep(19826 μs) |    818 | 26533604117212 | Wrote 161 bytes
sleep(19816 μs) |    819 | 26533624066866 | Wrote 161 bytes
sleep(19871 μs) |    820 | 26533644113236 | Wrote 161 bytes
sleep(19822 μs) |    821 | 26533664116216 | Wrote 161 bytes
sleep(19822 μs) |    822 | 26533684116843 | Wrote 161 bytes
sleep(19824 μs) |    823 | 26533704118264 | Wrote 161 bytes
sleep(19813 μs) |    824 | 26533724101937 | Wrote 161 bytes
sleep(19836 μs) |    825 | 26533744119060 | Wrote 161 bytes
sleep(19814 μs) |    826 | 26533764118664 | Wrote 161 bytes
sleep(19819 μs) |    827 | 26533784193234 | Wrote 161 bytes
sleep(19744 μs) |    828 | 26533804124932 | Wrote 161 bytes
sleep(19814 μs) |    829 | 26533824109577 | Wrote 161 bytes
sleep(19829 μs) |    830 | 26533844114362 | Wrote 161 bytes
sleep(19826 μs) |    831 | 26533864133768 | Wrote 161 bytes
sleep(19802 μs) |    832 | 26533884107511 | Wrote 161 bytes
sleep(19831 μs) |    833 | 26533904120292 | Wrote 161 bytes
sleep(19815 μs) |    834 | 26533924115082 | Wrote 161 bytes
sleep(19822 μs) |    835 | 26533944210629 | Wrote 161 bytes
sleep(19729 μs) |    836 | 26533964122530 | Wrote 161 bytes
sleep(19816 μs) |    837 | 26533984115139 | Wrote 161 bytes
sleep(19825 μs) |    838 | 26534004132149 | Wrote 161 bytes
sleep(19797 μs) |    839 | 26534024095334 | Wrote 161 bytes
sleep(19844 μs) |    840 | 26534044084377 | Wrote 161 bytes
sleep(19857 μs) |    841 | 26534064102779 | Wrote 161 bytes
sleep(19844 μs) |    842 | 26534084110027 | Wrote 161 bytes
sleep(19837 μs) |    843 | 26534104115431 | Wrote 161 bytes
sleep(19820 μs) |    844 | 26534124089272 | Wrote 161 bytes
sleep(19851 μs) |    845 | 26534144119661 | Wrote 161 bytes
sleep(19819 μs) |    846 | 26534164052942 | Wrote 161 bytes
sleep(19888 μs) |    847 | 26534184076715 | Wrote 161 bytes
sleep(19854 μs) |    848 | 26534204115935 | Wrote 161 bytes
sleep(19823 μs) |    849 | 26534224090451 | Wrote 161 bytes
sleep(19847 μs) |    850 | 26534244119232 | Wrote 161 bytes
sleep(19817 μs) |    851 | 26534264133873 | Wrote 161 bytes
sleep(19795 μs) |    852 | 26534284114365 | Wrote 161 bytes
sleep(19823 μs) |    853 | 26534304105788 | Wrote 161 bytes
sleep(19832 μs) |    854 | 26534324088100 | Wrote 161 bytes
sleep(19848 μs) |    855 | 26534344119701 | Wrote 161 bytes
sleep(19818 μs) |    856 | 26534364113773 | Wrote 161 bytes
sleep(19825 μs) |    857 | 26534384113608 | Wrote 161 bytes
sleep(19824 μs) |    858 | 26534404126115 | Wrote 161 bytes
sleep(19805 μs) |    859 | 26534424119424 | Wrote 161 bytes
sleep(19812 μs) |    860 | 26534444124976 | Wrote 161 bytes
sleep(19814 μs) |    861 | 26534464123154 | Wrote 161 bytes
sleep(19815 μs) |    862 | 26534484109691 | Wrote 161 bytes
sleep(19831 μs) |    863 | 26534504106203 | Wrote 161 bytes
sleep(19824 μs) |    864 | 26534524124701 | Wrote 161 bytes
sleep(19813 μs) |    865 | 26534544122591 | Wrote 161 bytes
sleep(19815 μs) |    866 | 26534564115305 | Wrote 161 bytes
sleep(19835 μs) |    867 | 26534584036823 | Wrote 161 bytes
sleep(19909 μs) |    868 | 26534604099888 | Wrote 161 bytes
sleep(19838 μs) |    869 | 26534624113285 | Wrote 161 bytes
sleep(19826 μs) |    870 | 26534644128136 | Wrote 161 bytes
sleep(19809 μs) |    871 | 26534664113732 | Wrote 161 bytes
sleep(19826 μs) |    872 | 26534684116096 | Wrote 161 bytes
sleep(19823 μs) |    873 | 26534704121664 | Wrote 161 bytes
sleep(19817 μs) |    874 | 26534724123541 | Wrote 161 bytes
sleep(19813 μs) |    875 | 26534744120530 | Wrote 161 bytes
sleep(19819 μs) |    876 | 26534764112717 | Wrote 161 bytes
sleep(19825 μs) |    877 | 26534784121766 | Wrote 161 bytes
sleep(19815 μs) |    878 | 26534804116341 | Wrote 161 bytes
sleep(19821 μs) |    879 | 26534824086108 | Wrote 161 bytes
sleep(19848 μs) |    880 | 26534844120479 | Wrote 161 bytes
sleep(19820 μs) |    881 | 26534864100764 | Wrote 161 bytes
sleep(19839 μs) |    882 | 26534884053767 | Wrote 161 bytes
sleep(19883 μs) |    883 | 26534904074297 | Wrote 161 bytes
sleep(19851 μs) |    884 | 26534924112367 | Wrote 161 bytes
sleep(19822 μs) |    885 | 26534944144615 | Wrote 161 bytes
sleep(19790 μs) |    886 | 26534964110720 | Wrote 161 bytes
sleep(19828 μs) |    887 | 26534984113848 | Wrote 161 bytes
sleep(19824 μs) |    888 | 26535004073281 | Wrote 161 bytes
sleep(19863 μs) |    889 | 26535024120433 | Wrote 161 bytes
sleep(19818 μs) |    890 | 26535044062699 | Wrote 161 bytes
sleep(19873 μs) |    891 | 26535064052721 | Wrote 161 bytes
sleep(19890 μs) |    892 | 26535084075698 | Wrote 161 bytes
sleep(19871 μs) |    893 | 26535104101471 | Wrote 161 bytes
sleep(19842 μs) |    894 | 26535124104417 | Wrote 161 bytes
sleep(19835 μs) |    895 | 26535144113574 | Wrote 161 bytes
sleep(19822 μs) |    896 | 26535164136130 | Wrote 161 bytes
sleep(19796 μs) |    897 | 26535184074138 | Wrote 161 bytes
sleep(19859 μs) |    898 | 26535204124241 | Wrote 161 bytes
sleep(19813 μs) |    899 | 26535224109127 | Wrote 161 bytes
sleep(19827 μs) |    900 | 26535244107230 | Wrote 161 bytes
sleep(19833 μs) |    901 | 26535264111273 | Wrote 161 bytes
sleep(19826 μs) |    902 | 26535284106726 | Wrote 161 bytes
sleep(19833 μs) |    903 | 26535304144447 | Wrote 161 bytes
sleep(19792 μs) |    904 | 26535324121298 | Wrote 161 bytes
sleep(19816 μs) |    905 | 26535344127871 | Wrote 161 bytes
sleep(19810 μs) |    906 | 26535364120836 | Wrote 161 bytes
sleep(19817 μs) |    907 | 26535384069033 | Wrote 161 bytes
sleep(19871 μs) |    908 | 26535404138072 | Wrote 161 bytes
sleep(19794 μs) |    909 | 26535424107997 | Wrote 161 bytes
sleep(19833 μs) |    910 | 26535444124264 | Wrote 161 bytes
sleep(19813 μs) |    911 | 26535464118846 | Wrote 161 bytes
sleep(19819 μs) |    912 | 26535484121932 | Wrote 161 bytes
sleep(19818 μs) |    913 | 26535504130612 | Wrote 161 bytes
sleep(19803 μs) |    914 | 26535524107833 | Wrote 161 bytes
sleep(19828 μs) |    915 | 26535544067283 | Wrote 161 bytes
sleep(19870 μs) |    916 | 26535564101089 | Wrote 161 bytes
sleep(19837 μs) |    917 | 26535584087676 | Wrote 161 bytes
sleep(19852 μs) |    918 | 26535604098418 | Wrote 161 bytes
sleep(19848 μs) |    919 | 26535624077409 | Wrote 161 bytes
sleep(19869 μs) |    920 | 26535644095595 | Wrote 161 bytes
sleep(19845 μs) |    921 | 26535664113681 | Wrote 161 bytes
sleep(19825 μs) |    922 | 26535684117697 | Wrote 161 bytes
sleep(19821 μs) |    923 | 26535704084132 | Wrote 161 bytes
sleep(19847 μs) |    924 | 26535724067291 | Wrote 161 bytes
sleep(19869 μs) |    925 | 26535744076140 | Wrote 161 bytes
sleep(19858 μs) |    926 | 26535764118619 | Wrote 161 bytes
sleep(19820 μs) |    927 | 26535784059806 | Wrote 161 bytes
sleep(19881 μs) |    928 | 26535804082230 | Wrote 161 bytes
sleep(19844 μs) |    929 | 26535824082889 | Wrote 161 bytes
sleep(19848 μs) |    930 | 26535844108998 | Wrote 161 bytes
sleep(19830 μs) |    931 | 26535864102370 | Wrote 161 bytes
sleep(19835 μs) |    932 | 26535884124361 | Wrote 161 bytes
sleep(19813 μs) |    933 | 26535904113104 | Wrote 161 bytes
sleep(19819 μs) |    934 | 26535924070548 | Wrote 161 bytes
sleep(19864 μs) |    935 | 26535944076862 | Wrote 161 bytes
sleep(19852 μs) |    936 | 26535964110023 | Wrote 161 bytes
sleep(19831 μs) |    937 | 26535984113111 | Wrote 161 bytes
sleep(19826 μs) |    938 | 26536004149806 | Wrote 161 bytes
sleep(19790 μs) |    939 | 26536024062419 | Wrote 161 bytes
sleep(19866 μs) |    940 | 26536044101081 | Wrote 161 bytes
sleep(19839 μs) |    941 | 26536064124220 | Wrote 161 bytes
sleep(19807 μs) |    942 | 26536084104475 | Wrote 161 bytes
sleep(19836 μs) |    943 | 26536104043165 | Wrote 161 bytes
sleep(19895 μs) |    944 | 26536124093553 | Wrote 161 bytes
sleep(19846 μs) |    945 | 26536144121563 | Wrote 161 bytes
sleep(19819 μs) |    946 | 26536164120051 | Wrote 161 bytes
sleep(19811 μs) |    947 | 26536184108598 | Wrote 161 bytes
sleep(19828 μs) |    948 | 26536204116284 | Wrote 161 bytes
sleep(19813 μs) |    949 | 26536224117713 | Wrote 161 bytes
sleep(19813 μs) |    950 | 26536244123228 | Wrote 161 bytes
sleep(19814 μs) |    951 | 26536264113022 | Wrote 161 bytes
sleep(19823 μs) |    952 | 26536284113627 | Wrote 161 bytes
sleep(19825 μs) |    953 | 26536304109977 | Wrote 161 bytes
sleep(19826 μs) |    954 | 26536324117371 | Wrote 161 bytes
sleep(19819 μs) |    955 | 26536359525682 | Wrote 161 bytes
sleep(4406 μs) |    956 | 26536364121979 | Wrote 161 bytes
sleep(19806 μs) |    957 | 26536384118105 | Wrote 161 bytes
sleep(19823 μs) |    958 | 26536404131995 | Wrote 161 bytes
sleep(19802 μs) |    959 | 26536424131457 | Wrote 161 bytes
sleep(19798 μs) |    960 | 26536444116803 | Wrote 161 bytes
sleep(19823 μs) |    961 | 26536464117066 | Wrote 161 bytes
sleep(19822 μs) |    962 | 26536484114397 | Wrote 161 bytes
sleep(19821 μs) |    963 | 26536504070845 | Wrote 161 bytes
sleep(19868 μs) |    964 | 26536524110491 | Wrote 161 bytes
sleep(19828 μs) |    965 | 26536544130402 | Wrote 161 bytes
sleep(19809 μs) |    966 | 26536564100749 | Wrote 161 bytes
sleep(19838 μs) |    967 | 26536584121589 | Wrote 161 bytes
sleep(19810 μs) |    968 | 26536604081953 | Wrote 161 bytes
sleep(19839 μs) |    969 | 26536624107734 | Wrote 161 bytes
sleep(19839 μs) |    970 | 26536644077890 | Wrote 161 bytes
sleep(19871 μs) |    971 | 26536664196221 | Wrote 161 bytes
sleep(19742 μs) |    972 | 26536684112171 | Wrote 161 bytes
sleep(19826 μs) |    973 | 26536704125782 | Wrote 161 bytes
sleep(19807 μs) |    974 | 26536724118520 | Wrote 161 bytes
sleep(19820 μs) |    975 | 26536744125749 | Wrote 161 bytes
sleep(19808 μs) |    976 | 26536764079983 | Wrote 161 bytes
sleep(19851 μs) |    977 | 26536784108699 | Wrote 161 bytes
sleep(19826 μs) |    978 | 26536804071365 | Wrote 161 bytes
sleep(19864 μs) |    979 | 26536824132587 | Wrote 161 bytes
sleep(19795 μs) |    980 | 26536844126094 | Wrote 161 bytes
sleep(19812 μs) |    981 | 26536864123440 | Wrote 161 bytes
sleep(19815 μs) |    982 | 26536884109350 | Wrote 161 bytes
sleep(19828 μs) |    983 | 26536904061614 | Wrote 161 bytes
sleep(19871 μs) |    984 | 26536924118679 | Wrote 161 bytes
sleep(19816 μs) |    985 | 26536944127997 | Wrote 161 bytes
sleep(19810 μs) |    986 | 26536964104679 | Wrote 161 bytes
sleep(19830 μs) |    987 | 26536984059122 | Wrote 161 bytes
sleep(19877 μs) |    988 | 26537004128414 | Wrote 161 bytes
sleep(19805 μs) |    989 | 26537024123538 | Wrote 161 bytes
sleep(19811 μs) |    990 | 26537044114443 | Wrote 161 bytes
sleep(19825 μs) |    991 | 26537064239598 | Wrote 161 bytes
sleep(19699 μs) |    992 | 26537084101349 | Wrote 161 bytes
sleep(19839 μs) |    993 | 26537104103745 | Wrote 161 bytes
sleep(19828 μs) |    994 | 26537124118448 | Wrote 161 bytes
sleep(19830 μs) |    995 | 26537144035050 | Wrote 161 bytes
sleep(19917 μs) |    996 | 26537164044025 | Wrote 161 bytes
sleep(19899 μs) |    997 | 26537184147134 | Wrote 161 bytes
sleep(19802 μs) |    998 | 26537204158635 | Wrote 161 bytes
sleep(19787 μs) |    999 | 26537224086960 | Wrote 161 bytes
sleep(19864 μs) |   1000 | 26537244111186 | Wrote 161 bytes
sleep(19832 μs) |   1001 | 26537264118934 | Wrote 161 bytes
sleep(19820 μs) |   1002 | 26537284119759 | Wrote 161 bytes
sleep(19815 μs) |   1003 | 26537304107097 | Wrote 161 bytes
sleep(19823 μs) |   1004 | 26537324114250 | Wrote 161 bytes
sleep(19821 μs) |   1005 | 26537344118877 | Wrote 161 bytes
sleep(19815 μs) |   1006 | 26537364125144 | Wrote 161 bytes
sleep(19814 μs) |   1007 | 26537384176696 | Wrote 161 bytes
sleep(19760 μs) |   1008 | 26537404110917 | Wrote 161 bytes
sleep(19827 μs) |   1009 | 26537424126246 | Wrote 161 bytes
sleep(19806 μs) |   1010 | 26537444120546 | Wrote 161 bytes
sleep(19815 μs) |   1011 | 26537464118490 | Wrote 161 bytes
sleep(19819 μs) |   1012 | 26537484126536 | Wrote 161 bytes
sleep(19811 μs) |   1013 | 26537504120265 | Wrote 161 bytes
sleep(19817 μs) |   1014 | 26537524107925 | Wrote 161 bytes
sleep(19830 μs) |   1015 | 26537544114730 | Wrote 161 bytes
sleep(19824 μs) |   1016 | 26537564121774 | Wrote 161 bytes
sleep(19815 μs) |   1017 | 26537584084052 | Wrote 161 bytes
sleep(19846 μs) |   1018 | 26537604085724 | Wrote 161 bytes
sleep(19839 μs) |   1019 | 26537624061912 | Wrote 161 bytes
sleep(19882 μs) |   1020 | 26537644157379 | Wrote 161 bytes
sleep(19792 μs) |   1021 | 26537664141657 | Wrote 161 bytes
sleep(19810 μs) |   1022 | 26537684121837 | Wrote 161 bytes
sleep(19828 μs) |   1023 | 26537704067011 | Wrote 161 bytes
sleep(19815 μs) |   1024 | 26537724052503 | Wrote 161 bytes
sleep(19881 μs) |   1025 | 26537744139378 | Wrote 161 bytes
sleep(19808 μs) |   1026 | 26537764059909 | Wrote 161 bytes
sleep(19866 μs) |   1027 | 26537784034435 | Wrote 161 bytes
sleep(19912 μs) |   1028 | 26537804109949 | Wrote 161 bytes
sleep(19832 μs) |   1029 | 26537824112451 | Wrote 161 bytes
sleep(19827 μs) |   1030 | 26537844095058 | Wrote 161 bytes
sleep(19844 μs) |   1031 | 26537864130607 | Wrote 161 bytes
sleep(19801 μs) |   1032 | 26537884062933 | Wrote 161 bytes
sleep(19875 μs) |   1033 | 26537904107538 | Wrote 161 bytes
sleep(19828 μs) |   1034 | 26537924122604 | Wrote 161 bytes
sleep(19815 μs) |   1035 | 26537944111589 | Wrote 161 bytes
sleep(19827 μs) |   1036 | 26537964103821 | Wrote 161 bytes
sleep(19835 μs) |   1037 | 26537984114995 | Wrote 161 bytes
sleep(19827 μs) |   1038 | 26538004108303 | Wrote 161 bytes
sleep(19826 μs) |   1039 | 26538024094953 | Wrote 161 bytes
sleep(19843 μs) |   1040 | 26538044123794 | Wrote 161 bytes
sleep(19814 μs) |   1041 | 26538064113324 | Wrote 161 bytes
sleep(19824 μs) |   1042 | 26538084103150 | Wrote 161 bytes
sleep(19835 μs) |   1043 | 26538104063541 | Wrote 161 bytes
sleep(19865 μs) |   1044 | 26538124082405 | Wrote 161 bytes
sleep(19859 μs) |   1045 | 26538144122634 | Wrote 161 bytes
sleep(19824 μs) |   1046 | 26538164086673 | Wrote 161 bytes
sleep(19863 μs) |   1047 | 26538184084091 | Wrote 161 bytes
sleep(19854 μs) |   1048 | 26538204117726 | Wrote 161 bytes
sleep(19816 μs) |   1049 | 26538224101568 | Wrote 161 bytes
sleep(19837 μs) |   1050 | 26538244106491 | Wrote 161 bytes
sleep(19830 μs) |   1051 | 26538264117326 | Wrote 161 bytes
sleep(19806 μs) |   1052 | 26538284121022 | Wrote 161 bytes
sleep(19815 μs) |   1053 | 26538304112080 | Wrote 161 bytes
sleep(19827 μs) |   1054 | 26538324112684 | Wrote 161 bytes
sleep(19825 μs) |   1055 | 26538344117908 | Wrote 161 bytes
sleep(19820 μs) |   1056 | 26538364105235 | Wrote 161 bytes
sleep(19833 μs) |   1057 | 26538384104019 | Wrote 161 bytes
sleep(19833 μs) |   1058 | 26538404133484 | Wrote 161 bytes
sleep(19793 μs) |   1059 | 26538424119698 | Wrote 161 bytes
sleep(19813 μs) |   1060 | 26538444112159 | Wrote 161 bytes
sleep(19826 μs) |   1061 | 26538464123186 | Wrote 161 bytes
sleep(19813 μs) |   1062 | 26538484062965 | Wrote 161 bytes
sleep(19872 μs) |   1063 | 26538504096252 | Wrote 161 bytes
sleep(19840 μs) |   1064 | 26538524153231 | Wrote 161 bytes
sleep(19801 μs) |   1065 | 26538544170942 | Wrote 161 bytes
sleep(19779 μs) |   1066 | 26538564124171 | Wrote 161 bytes
sleep(19825 μs) |   1067 | 26538584081015 | Wrote 161 bytes
sleep(19865 μs) |   1068 | 26538604113723 | Wrote 161 bytes
sleep(19821 μs) |   1069 | 26538624060949 | Wrote 161 bytes
sleep(19877 μs) |   1070 | 26538644097510 | Wrote 161 bytes
sleep(19844 μs) |   1071 | 26538664073085 | Wrote 161 bytes
sleep(19878 μs) |   1072 | 26538684234611 | Wrote 161 bytes
sleep(19712 μs) |   1073 | 26538704123483 | Wrote 161 bytes
sleep(19816 μs) |   1074 | 26538724128603 | Wrote 161 bytes
sleep(19808 μs) |   1075 | 26538744276353 | Wrote 161 bytes
sleep(19660 μs) |   1076 | 26538764077872 | Wrote 161 bytes
sleep(19860 μs) |   1077 | 26538784131391 | Wrote 161 bytes
sleep(19807 μs) |   1078 | 26538804121295 | Wrote 161 bytes
sleep(19817 μs) |   1079 | 26538824105221 | Wrote 161 bytes
sleep(19831 μs) |   1080 | 26538844120250 | Wrote 161 bytes
sleep(19823 μs) |   1081 | 26538864113832 | Wrote 161 bytes
sleep(19825 μs) |   1082 | 26538884112877 | Wrote 161 bytes
sleep(19827 μs) |   1083 | 26538904119601 | Wrote 161 bytes
sleep(19814 μs) |   1084 | 26538924123945 | Wrote 161 bytes
sleep(19811 μs) |   1085 | 26538944099643 | Wrote 161 bytes
sleep(19840 μs) |   1086 | 26538964121188 | Wrote 161 bytes
sleep(19817 μs) |   1087 | 26538984126550 | Wrote 161 bytes
sleep(19812 μs) |   1088 | 26539004124601 | Wrote 161 bytes
sleep(19809 μs) |   1089 | 26539024121970 | Wrote 161 bytes
sleep(19819 μs) |   1090 | 26539044114534 | Wrote 161 bytes
sleep(19823 μs) |   1091 | 26539064069121 | Wrote 161 bytes
sleep(19869 μs) |   1092 | 26539084108275 | Wrote 161 bytes
sleep(19833 μs) |   1093 | 26539104105868 | Wrote 161 bytes
sleep(19826 μs) |   1094 | 26539124083000 | Wrote 161 bytes
sleep(19841 μs) |   1095 | 26539144088680 | Wrote 161 bytes
sleep(19848 μs) |   1096 | 26539164125549 | Wrote 161 bytes
sleep(19824 μs) |   1097 | 26539184081835 | Wrote 161 bytes
sleep(19864 μs) |   1098 | 26539204119327 | Wrote 161 bytes
sleep(19820 μs) |   1099 | 26539224061343 | Wrote 161 bytes
sleep(19857 μs) |   1100 | 26539244099006 | Wrote 161 bytes
sleep(19841 μs) |   1101 | 26539264120612 | Wrote 161 bytes
sleep(19817 μs) |   1102 | 26539284121513 | Wrote 161 bytes
sleep(19817 μs) |   1103 | 26539304068505 | Wrote 161 bytes
sleep(19865 μs) |   1104 | 26539324132734 | Wrote 161 bytes
sleep(19801 μs) |   1105 | 26539344095750 | Wrote 161 bytes
sleep(19842 μs) |   1106 | 26539364105695 | Wrote 161 bytes
sleep(19831 μs) |   1107 | 26539384112341 | Wrote 161 bytes
sleep(19824 μs) |   1108 | 26539404077782 | Wrote 161 bytes
sleep(19852 μs) |   1109 | 26539424101540 | Wrote 161 bytes
sleep(19837 μs) |   1110 | 26539444113769 | Wrote 161 bytes
sleep(19823 μs) |   1111 | 26539464139430 | Wrote 161 bytes
sleep(19799 μs) |   1112 | 26539484107097 | Wrote 161 bytes
sleep(19831 μs) |   1113 | 26539504112526 | Wrote 161 bytes
sleep(19820 μs) |   1114 | 26539524063430 | Wrote 161 bytes
sleep(19873 μs) |   1115 | 26539544110238 | Wrote 161 bytes
sleep(19809 μs) |   1116 | 26539564111648 | Wrote 161 bytes
sleep(19828 μs) |   1117 | 26539584116789 | Wrote 161 bytes
sleep(19822 μs) |   1118 | 26539604122773 | Wrote 161 bytes
sleep(19817 μs) |   1119 | 26539624053797 | Wrote 161 bytes
sleep(19884 μs) |   1120 | 26539644128434 | Wrote 161 bytes
sleep(19806 μs) |   1121 | 26539664083272 | Wrote 161 bytes
sleep(19859 μs) |   1122 | 26539684098689 | Wrote 161 bytes
sleep(19847 μs) |   1123 | 26539704058514 | Wrote 161 bytes
sleep(19877 μs) |   1124 | 26539724079532 | Wrote 161 bytes
sleep(19868 μs) |   1125 | 26539744075771 | Wrote 161 bytes
sleep(19874 μs) |   1126 | 26539764061521 | Wrote 161 bytes
sleep(19888 μs) |   1127 | 26539784068613 | Wrote 161 bytes
sleep(19884 μs) |   1128 | 26539804073842 | Wrote 161 bytes
sleep(19869 μs) |   1129 | 26539824029922 | Wrote 161 bytes
sleep(19920 μs) |   1130 | 26539844132568 | Wrote 161 bytes
sleep(19818 μs) |   1131 | 26539864077451 | Wrote 161 bytes
sleep(19868 μs) |   1132 | 26539884063231 | Wrote 161 bytes
sleep(19874 μs) |   1133 | 26539904109963 | Wrote 161 bytes
sleep(19828 μs) |   1134 | 26539924125625 | Wrote 161 bytes
sleep(19814 μs) |   1135 | 26539944097297 | Wrote 161 bytes
sleep(19841 μs) |   1136 | 26539964120878 | Wrote 161 bytes
sleep(19819 μs) |   1137 | 26539984112425 | Wrote 161 bytes
sleep(19827 μs) |   1138 | 26540004110865 | Wrote 161 bytes
sleep(19826 μs) |   1139 | 26540024110504 | Wrote 161 bytes
sleep(19826 μs) |   1140 | 26540044124493 | Wrote 161 bytes
sleep(19814 μs) |   1141 | 26540064120138 | Wrote 161 bytes
sleep(19820 μs) |   1142 | 26540084114164 | Wrote 161 bytes
sleep(19826 μs) |   1143 | 26540104123207 | Wrote 161 bytes
sleep(19811 μs) |   1144 | 26540124121444 | Wrote 161 bytes
sleep(19817 μs) |   1145 | 26540144119138 | Wrote 161 bytes
sleep(19821 μs) |   1146 | 26540164084288 | Wrote 161 bytes
sleep(19859 μs) |   1147 | 26540184051196 | Wrote 161 bytes
sleep(19897 μs) |   1148 | 26540204112664 | Wrote 161 bytes
sleep(19834 μs) |   1149 | 26540224118467 | Wrote 161 bytes
sleep(19823 μs) |   1150 | 26540244126330 | Wrote 161 bytes
sleep(19811 μs) |   1151 | 26540264114571 | Wrote 161 bytes
sleep(19822 μs) |   1152 | 26540284117979 | Wrote 161 bytes
sleep(19822 μs) |   1153 | 26540304128344 | Wrote 161 bytes
sleep(19807 μs) |   1154 | 26540324120005 | Wrote 161 bytes
sleep(19821 μs) |   1155 | 26540344118480 | Wrote 161 bytes
sleep(19815 μs) |   1156 | 26540364115292 | Wrote 161 bytes
sleep(19822 μs) |   1157 | 26540384124257 | Wrote 161 bytes
sleep(19814 μs) |   1158 | 26540404069163 | Wrote 161 bytes
sleep(19863 μs) |   1159 | 26540424209077 | Wrote 161 bytes
sleep(19722 μs) |   1160 | 26540444056887 | Wrote 161 bytes
sleep(19876 μs) |   1161 | 26540464067951 | Wrote 161 bytes
sleep(19871 μs) |   1162 | 26540484136550 | Wrote 161 bytes
sleep(19777 μs) |   1163 | 26540504215617 | Wrote 161 bytes
sleep(19723 μs) |   1164 | 26540524122045 | Wrote 161 bytes
sleep(19814 μs) |   1165 | 26540544099547 | Wrote 161 bytes
sleep(19841 μs) |   1166 | 26540564125165 | Wrote 161 bytes
sleep(19813 μs) |   1167 | 26540584167970 | Wrote 161 bytes
sleep(19771 μs) |   1168 | 26540604129150 | Wrote 161 bytes
sleep(19806 μs) |   1169 | 26540624133561 | Wrote 161 bytes
sleep(19800 μs) |   1170 | 26540644125308 | Wrote 161 bytes
sleep(19814 μs) |   1171 | 26540664143033 | Wrote 161 bytes
sleep(19797 μs) |   1172 | 26540684134469 | Wrote 161 bytes
sleep(19817 μs) |   1173 | 26540704119099 | Wrote 161 bytes
sleep(19826 μs) |   1174 | 26540724103467 | Wrote 161 bytes
sleep(19839 μs) |   1175 | 26540744104799 | Wrote 161 bytes
sleep(19837 μs) |   1176 | 26540764068768 | Wrote 161 bytes
sleep(19866 μs) |   1177 | 26540784114923 | Wrote 161 bytes
sleep(19826 μs) |   1178 | 26540804112241 | Wrote 161 bytes
sleep(19827 μs) |   1179 | 26540824125526 | Wrote 161 bytes
sleep(19812 μs) |   1180 | 26540844115838 | Wrote 161 bytes
sleep(19820 μs) |   1181 | 26540864099006 | Wrote 161 bytes
sleep(19841 μs) |   1182 | 26540884109585 | Wrote 161 bytes
sleep(19829 μs) |   1183 | 26540904120219 | Wrote 161 bytes
sleep(19811 μs) |   1184 | 26540924077433 | Wrote 161 bytes
sleep(19856 μs) |   1185 | 26540944106009 | Wrote 161 bytes
sleep(19832 μs) |   1186 | 26540964151491 | Wrote 161 bytes
sleep(19780 μs) |   1187 | 26540984075449 | Wrote 161 bytes
sleep(19856 μs) |   1188 | 26541004122614 | Wrote 161 bytes
sleep(19809 μs) |   1189 | 26541024126875 | Wrote 161 bytes
sleep(19811 μs) |   1190 | 26541044112863 | Wrote 161 bytes
sleep(19828 μs) |   1191 | 26541064123358 | Wrote 161 bytes
sleep(19806 μs) |   1192 | 26541084090823 | Wrote 161 bytes
sleep(19851 μs) |   1193 | 26541104079766 | Wrote 161 bytes
sleep(19863 μs) |   1194 | 26541124154199 | Wrote 161 bytes
sleep(19796 μs) |   1195 | 26541144052110 | Wrote 161 bytes
sleep(19876 μs) |   1196 | 26541164134836 | Wrote 161 bytes
sleep(19814 μs) |   1197 | 26541184061011 | Wrote 161 bytes
sleep(19889 μs) |   1198 | 26541204121531 | Wrote 161 bytes
sleep(19813 μs) |   1199 | 26541224077772 | Wrote 161 bytes
sleep(19859 μs) |   1200 | 26541244118708 | Wrote 161 bytes
sleep(19822 μs) |   1201 | 26541264068001 | Wrote 161 bytes
sleep(19869 μs) |   1202 | 26541284107484 | Wrote 161 bytes
sleep(19831 μs) |   1203 | 26541304115492 | Wrote 161 bytes
sleep(19820 μs) |   1204 | 26541324126371 | Wrote 161 bytes
sleep(19811 μs) |   1205 | 26541344123431 | Wrote 161 bytes
sleep(19813 μs) |   1206 | 26541364081257 | Wrote 161 bytes
sleep(19855 μs) |   1207 | 26541384067223 | Wrote 161 bytes
sleep(19871 μs) |   1208 | 26541404128360 | Wrote 161 bytes
sleep(19811 μs) |   1209 | 26541424123195 | Wrote 161 bytes
sleep(19815 μs) |   1210 | 26541444098346 | Wrote 161 bytes
sleep(19837 μs) |   1211 | 26541464075477 | Wrote 161 bytes
sleep(19861 μs) |   1212 | 26541484113974 | Wrote 161 bytes
sleep(19825 μs) |   1213 | 26541504121429 | Wrote 161 bytes
sleep(19816 μs) |   1214 | 26541524117847 | Wrote 161 bytes
sleep(19819 μs) |   1215 | 26541544106078 | Wrote 161 bytes
sleep(19831 μs) |   1216 | 26541564122955 | Wrote 161 bytes
sleep(19805 μs) |   1217 | 26541584095289 | Wrote 161 bytes
sleep(19844 μs) |   1218 | 26541604116987 | Wrote 161 bytes
sleep(19815 μs) |   1219 | 26541624113497 | Wrote 161 bytes
sleep(19824 μs) |   1220 | 26541644115611 | Wrote 161 bytes
sleep(19819 μs) |   1221 | 26541664078225 | Wrote 161 bytes
sleep(19852 μs) |   1222 | 26541684057795 | Wrote 161 bytes
sleep(19881 μs) |   1223 | 26541704084582 | Wrote 161 bytes
sleep(19855 μs) |   1224 | 26541724120349 | Wrote 161 bytes
sleep(19829 μs) |   1225 | 26541744105951 | Wrote 161 bytes
sleep(19835 μs) |   1226 | 26541764118495 | Wrote 161 bytes
sleep(19821 μs) |   1227 | 26541784056179 | Wrote 161 bytes
sleep(19879 μs) |   1228 | 26541804120522 | Wrote 161 bytes
sleep(19814 μs) |   1229 | 26541824067829 | Wrote 161 bytes
sleep(19865 μs) |   1230 | 26541844122961 | Wrote 161 bytes
sleep(19814 μs) |   1231 | 26541864124865 | Wrote 161 bytes
sleep(19807 μs) |   1232 | 26541884122558 | Wrote 161 bytes
sleep(19816 μs) |   1233 | 26541904069677 | Wrote 161 bytes
sleep(19865 μs) |   1234 | 26541924131261 | Wrote 161 bytes


... Missed some logs here ...

sleep(19927 μs) |   1265 | 24996600516304 | Wrote 161 bytes
sleep(19746 μs) |   1266 | 24996620479631 | Wrote 161 bytes
sleep(19783 μs) |   1267 | 24996640340188 | Wrote 161 bytes
sleep(19921 μs) |   1268 | 24996660451035 | Wrote 161 bytes
sleep(19796 μs) |   1269 | 24996680446001 | Wrote 161 bytes
sleep(19796 μs) |   1270 | 24996700458901 | Wrote 161 bytes
sleep(19793 μs) |   1271 | 24996720473665 | Wrote 161 bytes
sleep(19770 μs) |   1272 | 24996740452108 | Wrote 161 bytes
sleep(19796 μs) |   1273 | 24996760457309 | Wrote 161 bytes
sleep(19789 μs) |   1274 | 24996780450915 | Wrote 161 bytes
sleep(19794 μs) |   1275 | 24996800439534 | Wrote 161 bytes
sleep(19807 μs) |   1276 | 24996820464576 | Wrote 161 bytes
sleep(19780 μs) |   1277 | 24996840449754 | Wrote 161 bytes
sleep(19797 μs) |   1278 | 24996860455815 | Wrote 161 bytes
sleep(19796 μs) |   1279 | 24996880438728 | Wrote 161 bytes
sleep(19807 μs) |   1280 | 24996900457867 | Wrote 161 bytes
sleep(19789 μs) |   1281 | 24996920477168 | Wrote 161 bytes
sleep(19770 μs) |   1282 | 24996940441482 | Wrote 161 bytes
sleep(19808 μs) |   1283 | 24996960474187 | Wrote 161 bytes
sleep(19774 μs) |   1284 | 24997256374774 | Write failed: -1 (Connection timed out)
