loop: Initializing
Connecting to 60_C0_BF_2F_6E_A0
Connected to 60_C0_BF_2F_6E_A0
Device: /org/bluez/hci0/dev_60_C0_BF_2F_6E_A0. /org/bluez/hci0/dev_60_C0_BF_2F_6E_A0/service0021
Size: 2
Sent
Size: 17
Data (uint8): 1 0 98 3 34 51 68 85 102 119 1 0 0 0 0 2 0 
Data (hex): 1 0 62 3 22 33 44 55 66 77 1 0 0 0 0 2 0 
Version: 1
Device Capabilities(side): 0
Device Capabilities(type): 0
HiSync ID: 144115188075951974
Feature map: 0
Render delay: 25089
Reserved: 0
Supported Codecs: 0
Sent
Done.
L2CAP: Created socket 60_C0_BF_2F_6E_A0:168
L2CAP socket bound
Setting sockopts
Set recv mtu
Unable to set send mtu. Operation not permitted (1)
L2CAP: Connected to 60:C0:BF:2F:6E:A0:168
socket: 5
Writing to /org/bluez/hci0/dev_60_C0_BF_2F_6E_A0/service0021/char0025
AudioControlPoint Written
     0 | 1337570387776 | Wrote 161 bytes
sleep(19969 μs) |      1 | 1337590554547 | Wrote 161 bytes
sleep(19800 μs) |      2 | 1337610488011 | Wrote 161 bytes
sleep(19869 μs) |      3 | 1337630529405 | Wrote 161 bytes
sleep(19827 μs) |      4 | 1337650486465 | Wrote 161 bytes
sleep(19869 μs) |      5 | 1337670435760 | Wrote 161 bytes
sleep(19923 μs) |      6 | 1337690531976 | Wrote 161 bytes
sleep(19828 μs) |      7 | 1337710463802 | Wrote 161 bytes
sleep(19893 μs) |      8 | 1337730466437 | Wrote 161 bytes
sleep(19895 μs) |      9 | 1337750430107 | Wrote 161 bytes
sleep(19931 μs) |     10 | 1337770510559 | Wrote 161 bytes
sleep(19848 μs) |     11 | 1337790499033 | Wrote 161 bytes
sleep(19859 μs) |     12 | 1337810471105 | Wrote 161 bytes
sleep(19886 μs) |     13 | 1337830485646 | Wrote 161 bytes
sleep(19869 μs) |     14 | 1337850585941 | Wrote 161 bytes
sleep(19774 μs) |     15 | 1337870530178 | Wrote 161 bytes
sleep(19830 μs) |     16 | 1337890438050 | Wrote 161 bytes
sleep(19922 μs) |     17 | 1337910506760 | Wrote 161 bytes
sleep(19851 μs) |     18 | 1337930453092 | Wrote 161 bytes
sleep(19902 μs) |     19 | 1337950517328 | Wrote 161 bytes
sleep(19840 μs) |     20 | 1337970526306 | Wrote 161 bytes
sleep(19831 μs) |     21 | 1337990510300 | Wrote 161 bytes
sleep(19847 μs) |     22 | 1338010528186 | Wrote 161 bytes
sleep(19830 μs) |     23 | 1338030519203 | Wrote 161 bytes
sleep(19836 μs) |     24 | 1338050541495 | Wrote 161 bytes
sleep(19815 μs) |     25 | 1338070515124 | Wrote 161 bytes
sleep(19841 μs) |     26 | 1338090510608 | Wrote 161 bytes
sleep(19845 μs) |     27 | 1338110510475 | Wrote 161 bytes
sleep(19847 μs) |     28 | 1338130510404 | Wrote 161 bytes
sleep(19845 μs) |     29 | 1338150452356 | Wrote 161 bytes
sleep(19905 μs) |     30 | 1338170449439 | Wrote 161 bytes
sleep(19908 μs) |     31 | 1338190504245 | Wrote 161 bytes
sleep(19850 μs) |     32 | 1338210497315 | Wrote 161 bytes
sleep(19858 μs) |     33 | 1338235786884 | Wrote 161 bytes
sleep(14568 μs) |     34 | 1338250497813 | Wrote 161 bytes
sleep(19859 μs) |     35 | 1338270515692 | Wrote 161 bytes
sleep(19841 μs) |     36 | 1338290501464 | Wrote 161 bytes
sleep(19855 μs) |     37 | 1338310523928 | Wrote 161 bytes
sleep(19833 μs) |     38 | 1338330510027 | Wrote 161 bytes
sleep(19847 μs) |     39 | 1338350538760 | Wrote 161 bytes
sleep(19818 μs) |     40 | 1338370454549 | Wrote 161 bytes
sleep(19903 μs) |     41 | 1338390483824 | Wrote 161 bytes
sleep(19873 μs) |     42 | 1338410447470 | Wrote 161 bytes
sleep(19912 μs) |     43 | 1338430555314 | Wrote 161 bytes
sleep(19805 μs) |     44 | 1338450479354 | Wrote 161 bytes
sleep(19881 μs) |     45 | 1338470507787 | Wrote 161 bytes
sleep(19850 μs) |     46 | 1338490514660 | Wrote 161 bytes
sleep(19844 μs) |     47 | 1338510519049 | Wrote 161 bytes
sleep(19838 μs) |     48 | 1338530468870 | Wrote 161 bytes
sleep(19887 μs) |     49 | 1338550466056 | Wrote 161 bytes
sleep(19889 μs) |     50 | 1338570442986 | Wrote 161 bytes
sleep(19917 μs) |     51 | 1338590480413 | Wrote 161 bytes
sleep(19854 μs) |     52 | 1338610489330 | Wrote 161 bytes
sleep(19871 μs) |     53 | 1338630550968 | Wrote 161 bytes
sleep(19804 μs) |     54 | 1338650506858 | Wrote 161 bytes
sleep(19848 μs) |     55 | 1338670539157 | Wrote 161 bytes
sleep(19793 μs) |     56 | 1338690506314 | Wrote 161 bytes
sleep(19851 μs) |     57 | 1338710495333 | Wrote 161 bytes
sleep(19858 μs) |     58 | 1338730538610 | Wrote 161 bytes
sleep(19819 μs) |     59 | 1338750468201 | Wrote 161 bytes
sleep(19888 μs) |     60 | 1338770465046 | Wrote 161 bytes
sleep(19889 μs) |     61 | 1338790486084 | Wrote 161 bytes
sleep(19871 μs) |     62 | 1338810469916 | Wrote 161 bytes
sleep(19887 μs) |     63 | 1338830522758 | Wrote 161 bytes
sleep(19834 μs) |     64 | 1338850449322 | Wrote 161 bytes
sleep(19909 μs) |     65 | 1338870486155 | Wrote 161 bytes
sleep(19869 μs) |     66 | 1338890523413 | Wrote 161 bytes
sleep(19833 μs) |     67 | 1338910447482 | Wrote 161 bytes
sleep(19911 μs) |     68 | 1338930506541 | Wrote 161 bytes
sleep(19855 μs) |     69 | 1338950549720 | Wrote 161 bytes
sleep(19812 μs) |     70 | 1338970474740 | Wrote 161 bytes
sleep(19884 μs) |     71 | 1338990542596 | Wrote 161 bytes
sleep(19816 μs) |     72 | 1339010505419 | Wrote 161 bytes
sleep(19853 μs) |     73 | 1339030538823 | Wrote 161 bytes
sleep(19816 μs) |     74 | 1339050512026 | Wrote 161 bytes
sleep(19846 μs) |     75 | 1339070443342 | Wrote 161 bytes
sleep(19915 μs) |     76 | 1339090555694 | Wrote 161 bytes
sleep(19805 μs) |     77 | 1339110533936 | Wrote 161 bytes
sleep(19827 μs) |     78 | 1339130476793 | Wrote 161 bytes
sleep(19877 μs) |     79 | 1339150534941 | Wrote 161 bytes
sleep(19823 μs) |     80 | 1339170521474 | Wrote 161 bytes
sleep(19837 μs) |     81 | 1339190535800 | Wrote 161 bytes
sleep(19822 μs) |     82 | 1339210522507 | Wrote 161 bytes
sleep(19836 μs) |     83 | 1339230447378 | Wrote 161 bytes
sleep(19913 μs) |     84 | 1339250542838 | Wrote 161 bytes
sleep(19819 μs) |     85 | 1339270497880 | Wrote 161 bytes
sleep(19860 μs) |     86 | 1339290513718 | Wrote 161 bytes
sleep(19842 μs) |     87 | 1339310482982 | Wrote 161 bytes
sleep(19874 μs) |     88 | 1339330484230 | Wrote 161 bytes
sleep(19870 μs) |     89 | 1339350545628 | Wrote 161 bytes
sleep(19811 μs) |     90 | 1339370504487 | Wrote 161 bytes
sleep(19854 μs) |     91 | 1339390486484 | Wrote 161 bytes
sleep(19869 μs) |     92 | 1339410474277 | Wrote 161 bytes
sleep(19885 μs) |     93 | 1339430471059 | Wrote 161 bytes
sleep(19890 μs) |     94 | 1339450535857 | Wrote 161 bytes
sleep(19821 μs) |     95 | 1339470505042 | Wrote 161 bytes
sleep(19853 μs) |     96 | 1339490512814 | Wrote 161 bytes
sleep(19843 μs) |     97 | 1339510524748 | Wrote 161 bytes
sleep(19832 μs) |     98 | 1339530447447 | Wrote 161 bytes
sleep(19910 μs) |     99 | 1339550479830 | Wrote 161 bytes
sleep(19875 μs) |    100 | 1339570519857 | Wrote 161 bytes
sleep(19838 μs) |    101 | 1339590516273 | Wrote 161 bytes
sleep(19841 μs) |    102 | 1339610537676 | Wrote 161 bytes
sleep(19819 μs) |    103 | 1339630506056 | Wrote 161 bytes
sleep(19851 μs) |    104 | 1339650515151 | Wrote 161 bytes
sleep(19840 μs) |    105 | 1339670540104 | Wrote 161 bytes
sleep(19816 μs) |    106 | 1339690520715 | Wrote 161 bytes
sleep(19837 μs) |    107 | 1339710523561 | Wrote 161 bytes
sleep(19833 μs) |    108 | 1339730446915 | Wrote 161 bytes
sleep(19911 μs) |    109 | 1339750488339 | Wrote 161 bytes
sleep(19871 μs) |    110 | 1339770531862 | Wrote 161 bytes
sleep(19824 μs) |    111 | 1339790506029 | Wrote 161 bytes
sleep(19852 μs) |    112 | 1339810515988 | Wrote 161 bytes
sleep(19840 μs) |    113 | 1339830508222 | Wrote 161 bytes
sleep(19848 μs) |    114 | 1339850517223 | Wrote 161 bytes
sleep(19841 μs) |    115 | 1339870522055 | Wrote 161 bytes
sleep(19833 μs) |    116 | 1339890455062 | Wrote 161 bytes
sleep(19902 μs) |    117 | 1339910485292 | Wrote 161 bytes
sleep(19869 μs) |    118 | 1339930476455 | Wrote 161 bytes
sleep(19878 μs) |    119 | 1339950474230 | Wrote 161 bytes
sleep(19886 μs) |    120 | 1339970569800 | Wrote 161 bytes
sleep(19790 μs) |    121 | 1339990538617 | Wrote 161 bytes
sleep(19815 μs) |    122 | 1340010474792 | Wrote 161 bytes
sleep(19882 μs) |    123 | 1340030519504 | Wrote 161 bytes
sleep(19818 μs) |    124 | 1340050511607 | Wrote 161 bytes
sleep(19846 μs) |    125 | 1340070484505 | Wrote 161 bytes
sleep(19868 μs) |    126 | 1340090545835 | Wrote 161 bytes
sleep(19810 μs) |    127 | 1340110515497 | Wrote 161 bytes
sleep(19843 μs) |    128 | 1340130519100 | Wrote 161 bytes
sleep(19838 μs) |    129 | 1340150464661 | Wrote 161 bytes
sleep(19892 μs) |    130 | 1340170480433 | Wrote 161 bytes
sleep(19876 μs) |    131 | 1340190461920 | Wrote 161 bytes
sleep(19895 μs) |    132 | 1340210520231 | Wrote 161 bytes
sleep(19835 μs) |    133 | 1340230486225 | Wrote 161 bytes
sleep(19867 μs) |    134 | 1340250546749 | Wrote 161 bytes
sleep(19810 μs) |    135 | 1340270516283 | Wrote 161 bytes
sleep(19842 μs) |    136 | 1340290547199 | Wrote 161 bytes
sleep(19807 μs) |    137 | 1340310552506 | Wrote 161 bytes
sleep(19805 μs) |    138 | 1340330488403 | Wrote 161 bytes
sleep(19864 μs) |    139 | 1340350535685 | Wrote 161 bytes
sleep(19821 μs) |    140 | 1340370510113 | Wrote 161 bytes
sleep(19848 μs) |    141 | 1340390487884 | Wrote 161 bytes
sleep(19866 μs) |    142 | 1340410519159 | Wrote 161 bytes
sleep(19837 μs) |    143 | 1340440759484 | Wrote 161 bytes
sleep(9600 μs) |    144 | 1340450467832 | Wrote 161 bytes
sleep(19892 μs) |    145 | 1340470588826 | Wrote 161 bytes
sleep(19772 μs) |    146 | 1340490546361 | Wrote 161 bytes
sleep(19815 μs) |    147 | 1340510498050 | Wrote 161 bytes
sleep(19861 μs) |    148 | 1340530506986 | Wrote 161 bytes
sleep(19851 μs) |    149 | 1340550551096 | Wrote 161 bytes
sleep(19805 μs) |    150 | 1340570518317 | Wrote 161 bytes
sleep(19837 μs) |    151 | 1340590493798 | Wrote 161 bytes
sleep(19860 μs) |    152 | 1340610492121 | Wrote 161 bytes
sleep(19864 μs) |    153 | 1340630535433 | Wrote 161 bytes
sleep(19825 μs) |    154 | 1340650518695 | Wrote 161 bytes
sleep(19840 μs) |    155 | 1340670501220 | Wrote 161 bytes
sleep(19858 μs) |    156 | 1340690501736 | Wrote 161 bytes
sleep(19857 μs) |    157 | 1340710468595 | Wrote 161 bytes
sleep(19883 μs) |    158 | 1340730527245 | Wrote 161 bytes
sleep(19828 μs) |    159 | 1340750472079 | Wrote 161 bytes
sleep(19883 μs) |    160 | 1340770531898 | Wrote 161 bytes
sleep(19825 μs) |    161 | 1340790548450 | Wrote 161 bytes
sleep(19808 μs) |    162 | 1340810472420 | Wrote 161 bytes
sleep(19880 μs) |    163 | 1340830492020 | Wrote 161 bytes
sleep(19863 μs) |    164 | 1340850473153 | Wrote 161 bytes
sleep(19881 μs) |    165 | 1340870522935 | Wrote 161 bytes
sleep(19834 μs) |    166 | 1340890533518 | Wrote 161 bytes
sleep(19825 μs) |    167 | 1340910526838 | Wrote 161 bytes
sleep(19829 μs) |    168 | 1340930475254 | Wrote 161 bytes
sleep(19882 μs) |    169 | 1340950457198 | Wrote 161 bytes
sleep(19878 μs) |    170 | 1340970548227 | Wrote 161 bytes
sleep(19813 μs) |    171 | 1340990551093 | Wrote 161 bytes
sleep(19807 μs) |    172 | 1341010537664 | Wrote 161 bytes
sleep(19822 μs) |    173 | 1341030593409 | Wrote 161 bytes
sleep(19767 μs) |    174 | 1341050472566 | Wrote 161 bytes
sleep(19887 μs) |    175 | 1341070507419 | Wrote 161 bytes
sleep(19849 μs) |    176 | 1341090533863 | Wrote 161 bytes
sleep(19824 μs) |    177 | 1341110492330 | Wrote 161 bytes
sleep(19864 μs) |    178 | 1341130528366 | Wrote 161 bytes
sleep(19829 μs) |    179 | 1341150520625 | Wrote 161 bytes
sleep(19836 μs) |    180 | 1341170455431 | Wrote 161 bytes
sleep(19901 μs) |    181 | 1341190532091 | Wrote 161 bytes
sleep(19826 μs) |    182 | 1341210523041 | Wrote 161 bytes
sleep(19833 μs) |    183 | 1341230540652 | Wrote 161 bytes
sleep(19816 μs) |    184 | 1341250507604 | Wrote 161 bytes
sleep(19850 μs) |    185 | 1341270519563 | Wrote 161 bytes
sleep(19835 μs) |    186 | 1341290530279 | Wrote 161 bytes
sleep(19824 μs) |    187 | 1341310500793 | Wrote 161 bytes
sleep(19857 μs) |    188 | 1341330526597 | Wrote 161 bytes
sleep(19829 μs) |    189 | 1341350534783 | Wrote 161 bytes
sleep(19823 μs) |    190 | 1341370461520 | Wrote 161 bytes
sleep(19884 μs) |    191 | 1341390517379 | Wrote 161 bytes
sleep(19840 μs) |    192 | 1341410529056 | Wrote 161 bytes
sleep(19828 μs) |    193 | 1341430557694 | Wrote 161 bytes
sleep(19799 μs) |    194 | 1341450458633 | Wrote 161 bytes
sleep(19896 μs) |    195 | 1341470437898 | Wrote 161 bytes
sleep(19922 μs) |    196 | 1341490532213 | Wrote 161 bytes
sleep(19829 μs) |    197 | 1341520826206 | Wrote 161 bytes
sleep(9528 μs) |    198 | 1341530482671 | Wrote 161 bytes
sleep(19875 μs) |    199 | 1341550525463 | Wrote 161 bytes
sleep(19834 μs) |    200 | 1341570470450 | Wrote 161 bytes
sleep(19890 μs) |    201 | 1341590492225 | Wrote 161 bytes
sleep(19869 μs) |    202 | 1341610555495 | Wrote 161 bytes
sleep(19801 μs) |    203 | 1341630479333 | Wrote 161 bytes
sleep(19875 μs) |    204 | 1341650473097 | Wrote 161 bytes
sleep(19879 μs) |    205 | 1341670524138 | Wrote 161 bytes
sleep(19833 μs) |    206 | 1341690473711 | Wrote 161 bytes
sleep(19880 μs) |    207 | 1341710496955 | Wrote 161 bytes
sleep(19861 μs) |    208 | 1341730529855 | Wrote 161 bytes
sleep(19825 μs) |    209 | 1341750514411 | Wrote 161 bytes
sleep(19842 μs) |    210 | 1341770547221 | Wrote 161 bytes
sleep(19810 μs) |    211 | 1341790513766 | Wrote 161 bytes
sleep(19842 μs) |    212 | 1341810518437 | Wrote 161 bytes
sleep(19839 μs) |    213 | 1341830531379 | Wrote 161 bytes
sleep(19826 μs) |    214 | 1341850526111 | Wrote 161 bytes
sleep(19829 μs) |    215 | 1341870528282 | Wrote 161 bytes
sleep(19827 μs) |    216 | 1341890505074 | Wrote 161 bytes
sleep(19851 μs) |    217 | 1341910536953 | Wrote 161 bytes
sleep(19819 μs) |    218 | 1341930505541 | Wrote 161 bytes
sleep(19853 μs) |    219 | 1341950535444 | Wrote 161 bytes
sleep(19824 μs) |    220 | 1341970518032 | Wrote 161 bytes
sleep(19843 μs) |    221 | 1341990482611 | Wrote 161 bytes
sleep(19875 μs) |    222 | 1342010473783 | Wrote 161 bytes
sleep(19887 μs) |    223 | 1342030542010 | Wrote 161 bytes
sleep(19818 μs) |    224 | 1342050483932 | Wrote 161 bytes
sleep(19875 μs) |    225 | 1342070502607 | Wrote 161 bytes
sleep(19856 μs) |    226 | 1342090514458 | Wrote 161 bytes
sleep(19843 μs) |    227 | 1342110494741 | Wrote 161 bytes
sleep(19862 μs) |    228 | 1342130533292 | Wrote 161 bytes
sleep(19825 μs) |    229 | 1342150454037 | Wrote 161 bytes
sleep(19903 μs) |    230 | 1342170538634 | Wrote 161 bytes
sleep(19818 μs) |    231 | 1342190505686 | Wrote 161 bytes
sleep(19853 μs) |    232 | 1342210514757 | Wrote 161 bytes
sleep(19841 μs) |    233 | 1342230537585 | Wrote 161 bytes
sleep(19820 μs) |    234 | 1342250449802 | Wrote 161 bytes
sleep(19907 μs) |    235 | 1342270485386 | Wrote 161 bytes
sleep(19870 μs) |    236 | 1342290454381 | Wrote 161 bytes
sleep(19902 μs) |    237 | 1342310460304 | Wrote 161 bytes
sleep(19894 μs) |    238 | 1342330541783 | Wrote 161 bytes
sleep(19815 μs) |    239 | 1342350465814 | Wrote 161 bytes
sleep(19892 μs) |    240 | 1342370522038 | Wrote 161 bytes
sleep(19835 μs) |    241 | 1342390537205 | Wrote 161 bytes
sleep(19820 μs) |    242 | 1342410522121 | Wrote 161 bytes
sleep(19833 μs) |    243 | 1342430520731 | Wrote 161 bytes
sleep(19834 μs) |    244 | 1342450484894 | Wrote 161 bytes
sleep(19875 μs) |    245 | 1342470476654 | Wrote 161 bytes
sleep(19884 μs) |    246 | 1342490525016 | Wrote 161 bytes
sleep(19834 μs) |    247 | 1342510493700 | Wrote 161 bytes
sleep(19865 μs) |    248 | 1342530509701 | Wrote 161 bytes
sleep(19844 μs) |    249 | 1342550537593 | Wrote 161 bytes
sleep(19819 μs) |    250 | 1342570538141 | Wrote 161 bytes
sleep(19816 μs) |    251 | 1342600775840 | Wrote 161 bytes
sleep(9581 μs) |    252 | 1342610507346 | Wrote 161 bytes
sleep(19850 μs) |    253 | 1342630486113 | Wrote 161 bytes
sleep(19868 μs) |    254 | 1342650532756 | Wrote 161 bytes
sleep(19825 μs) |    255 | 1342670523604 | Wrote 161 bytes
sleep(19832 μs) |    256 | 1342690519380 | Wrote 161 bytes
sleep(19839 μs) |    257 | 1342710478188 | Wrote 161 bytes
sleep(19881 μs) |    258 | 1342730508931 | Wrote 161 bytes
sleep(19849 μs) |    259 | 1342750531156 | Wrote 161 bytes
sleep(19827 μs) |    260 | 1342770510030 | Wrote 161 bytes
sleep(19826 μs) |    261 | 1342791030816 | Wrote 161 bytes
sleep(19324 μs) |    262 | 1342810482473 | Wrote 161 bytes
sleep(19873 μs) |    263 | 1342830483201 | Wrote 161 bytes
sleep(19871 μs) |    264 | 1342850497790 | Wrote 161 bytes
sleep(19860 μs) |    265 | 1342870516041 | Wrote 161 bytes
sleep(19841 μs) |    266 | 1342890450494 | Wrote 161 bytes
sleep(19909 μs) |    267 | 1342910529313 | Wrote 161 bytes
sleep(19805 μs) |    268 | 1342930506495 | Wrote 161 bytes
sleep(19831 μs) |    269 | 1342950496430 | Wrote 161 bytes
sleep(19859 μs) |    270 | 1342970481249 | Wrote 161 bytes
sleep(19877 μs) |    271 | 1342990493119 | Wrote 161 bytes
sleep(19866 μs) |    272 | 1343010464326 | Wrote 161 bytes
sleep(19896 μs) |    273 | 1343030551581 | Wrote 161 bytes
sleep(19809 μs) |    274 | 1343050486425 | Wrote 161 bytes
sleep(19873 μs) |    275 | 1343070459621 | Wrote 161 bytes
sleep(19898 μs) |    276 | 1343090521590 | Wrote 161 bytes
sleep(19834 μs) |    277 | 1343110519733 | Wrote 161 bytes
sleep(19838 μs) |    278 | 1343130523074 | Wrote 161 bytes
sleep(19835 μs) |    279 | 1343150511582 | Wrote 161 bytes
sleep(19844 μs) |    280 | 1343170486005 | Wrote 161 bytes
sleep(19869 μs) |    281 | 1343190511006 | Wrote 161 bytes
sleep(19846 μs) |    282 | 1343210533542 | Wrote 161 bytes
sleep(19823 μs) |    283 | 1343230513344 | Wrote 161 bytes
sleep(19845 μs) |    284 | 1343250510500 | Wrote 161 bytes
sleep(19846 μs) |    285 | 1343270450259 | Wrote 161 bytes
sleep(19908 μs) |    286 | 1343290520751 | Wrote 161 bytes
sleep(19834 μs) |    287 | 1343310524180 | Wrote 161 bytes
sleep(19831 μs) |    288 | 1343330525870 | Wrote 161 bytes
sleep(19830 μs) |    289 | 1343350519729 | Wrote 161 bytes
sleep(19835 μs) |    290 | 1343370466196 | Wrote 161 bytes
sleep(19892 μs) |    291 | 1343390527096 | Wrote 161 bytes
sleep(19826 μs) |    292 | 1343410483974 | Wrote 161 bytes
sleep(19871 μs) |    293 | 1343430467179 | Wrote 161 bytes
sleep(19890 μs) |    294 | 1343450517867 | Wrote 161 bytes
sleep(19838 μs) |    295 | 1343470441296 | Wrote 161 bytes
sleep(19917 μs) |    296 | 1343490513631 | Wrote 161 bytes
sleep(19845 μs) |    297 | 1343510510424 | Wrote 161 bytes
sleep(19846 μs) |    298 | 1343530446534 | Wrote 161 bytes
sleep(19911 μs) |    299 | 1343550462855 | Wrote 161 bytes
sleep(19898 μs) |    300 | 1343570503808 | Wrote 161 bytes
sleep(19856 μs) |    301 | 1343590534221 | Wrote 161 bytes
sleep(19821 μs) |    302 | 1343610525933 | Wrote 161 bytes
sleep(19830 μs) |    303 | 1343630528821 | Wrote 161 bytes
sleep(19829 μs) |    304 | 1343650463478 | Wrote 161 bytes
sleep(19894 μs) |    305 | 1343670540473 | Wrote 161 bytes
sleep(19817 μs) |    306 | 1343690536356 | Wrote 161 bytes
sleep(19822 μs) |    307 | 1343710517829 | Wrote 161 bytes
sleep(19838 μs) |    308 | 1343730516536 | Wrote 161 bytes
sleep(19840 μs) |    309 | 1343750524402 | Wrote 161 bytes
sleep(19831 μs) |    310 | 1343770543021 | Wrote 161 bytes
sleep(19814 μs) |    311 | 1343790530149 | Wrote 161 bytes
sleep(19828 μs) |    312 | 1343810512682 | Wrote 161 bytes
sleep(19842 μs) |    313 | 1343830538160 | Wrote 161 bytes
sleep(19819 μs) |    314 | 1343850509346 | Wrote 161 bytes
sleep(19847 μs) |    315 | 1343870513821 | Wrote 161 bytes
sleep(19842 μs) |    316 | 1343890457368 | Wrote 161 bytes
sleep(19900 μs) |    317 | 1343910514550 | Wrote 161 bytes
sleep(19842 μs) |    318 | 1343930522935 | Wrote 161 bytes
sleep(19834 μs) |    319 | 1343950491359 | Wrote 161 bytes
sleep(19865 μs) |    320 | 1343970481454 | Wrote 161 bytes
sleep(19877 μs) |    321 | 1343990510184 | Wrote 161 bytes
sleep(19850 μs) |    322 | 1344010482473 | Wrote 161 bytes
sleep(19877 μs) |    323 | 1344030540454 | Wrote 161 bytes
sleep(19816 μs) |    324 | 1344050514007 | Wrote 161 bytes
sleep(19844 μs) |    325 | 1344070541635 | Wrote 161 bytes
sleep(19813 μs) |    326 | 1344090531163 | Wrote 161 bytes
sleep(19827 μs) |    327 | 1344110513596 | Wrote 161 bytes
sleep(19845 μs) |    328 | 1344130521596 | Wrote 161 bytes
sleep(19816 μs) |    329 | 1344150515308 | Wrote 161 bytes
sleep(19842 μs) |    330 | 1344170519503 | Wrote 161 bytes
sleep(19836 μs) |    331 | 1344190462909 | Wrote 161 bytes
sleep(19895 μs) |    332 | 1344210513671 | Wrote 161 bytes
sleep(19844 μs) |    333 | 1344230514793 | Wrote 161 bytes
sleep(19842 μs) |    334 | 1344250531862 | Wrote 161 bytes
sleep(19826 μs) |    335 | 1344270510107 | Wrote 161 bytes
sleep(19846 μs) |    336 | 1344290545120 | Wrote 161 bytes
sleep(19812 μs) |    337 | 1344310530091 | Wrote 161 bytes
sleep(19828 μs) |    338 | 1344330485642 | Wrote 161 bytes
sleep(19870 μs) |    339 | 1344350539416 | Wrote 161 bytes
sleep(19816 μs) |    340 | 1344370512751 | Wrote 161 bytes
sleep(19844 μs) |    341 | 1344390519654 | Wrote 161 bytes
sleep(19836 μs) |    342 | 1344410467769 | Wrote 161 bytes
sleep(19888 μs) |    343 | 1344430474822 | Wrote 161 bytes
sleep(19880 μs) |    344 | 1344450507628 | Wrote 161 bytes
sleep(19850 μs) |    345 | 1344470473167 | Wrote 161 bytes
sleep(19883 μs) |    346 | 1344490560373 | Wrote 161 bytes
sleep(19797 μs) |    347 | 1344510472269 | Wrote 161 bytes
sleep(19888 μs) |    348 | 1344530462442 | Wrote 161 bytes
sleep(19897 μs) |    349 | 1344550450823 | Wrote 161 bytes
sleep(19887 μs) |    350 | 1344570478781 | Wrote 161 bytes
sleep(19879 μs) |    351 | 1344590446408 | Wrote 161 bytes
sleep(19914 μs) |    352 | 1344610438390 | Wrote 161 bytes
sleep(19920 μs) |    353 | 1344630429058 | Wrote 161 bytes
sleep(19930 μs) |    354 | 1344650536441 | Wrote 161 bytes
sleep(19821 μs) |    355 | 1344670515797 | Wrote 161 bytes
sleep(19821 μs) |    356 | 1344690465023 | Wrote 161 bytes
sleep(19895 μs) |    357 | 1344710485077 | Wrote 161 bytes
sleep(19875 μs) |    358 | 1344730469178 | Wrote 161 bytes
sleep(19892 μs) |    359 | 1344750472933 | Wrote 161 bytes
sleep(19887 μs) |    360 | 1344770470748 | Wrote 161 bytes
sleep(19870 μs) |    361 | 1344805830320 | Wrote 161 bytes
sleep(4530 μs) |    362 | 1344810429757 | Wrote 161 bytes
sleep(19931 μs) |    363 | 1344830495182 | Wrote 161 bytes
sleep(19835 μs) |    364 | 1344850468760 | Wrote 161 bytes
sleep(19891 μs) |    365 | 1344870481726 | Wrote 161 bytes
sleep(19878 μs) |    366 | 1344890466381 | Wrote 161 bytes
sleep(19895 μs) |    367 | 1344910467174 | Wrote 161 bytes
sleep(19891 μs) |    368 | 1344930496226 | Wrote 161 bytes
sleep(19838 μs) |    369 | 1344950464057 | Wrote 161 bytes
sleep(19895 μs) |    370 | 1344970487776 | Wrote 161 bytes
sleep(19871 μs) |    371 | 1344990478609 | Wrote 161 bytes
sleep(19883 μs) |    372 | 1345010507214 | Wrote 161 bytes
sleep(19827 μs) |    373 | 1345030453878 | Wrote 161 bytes
sleep(19904 μs) |    374 | 1345050475492 | Wrote 161 bytes
sleep(19862 μs) |    375 | 1345070458356 | Wrote 161 bytes
sleep(19902 μs) |    376 | 1345090462682 | Wrote 161 bytes
sleep(19897 μs) |    377 | 1345110501297 | Wrote 161 bytes
sleep(19834 μs) |    378 | 1345130432976 | Wrote 161 bytes
sleep(19925 μs) |    379 | 1345150467818 | Wrote 161 bytes
sleep(19893 μs) |    380 | 1345170486755 | Wrote 161 bytes
sleep(19873 μs) |    381 | 1345190433694 | Wrote 161 bytes
sleep(19925 μs) |    382 | 1345210491703 | Wrote 161 bytes
sleep(19865 μs) |    383 | 1345230458871 | Wrote 161 bytes
sleep(19900 μs) |    384 | 1345250527990 | Wrote 161 bytes
sleep(19824 μs) |    385 | 1345270520676 | Wrote 161 bytes
sleep(19836 μs) |    386 | 1345290498219 | Wrote 161 bytes
sleep(19859 μs) |    387 | 1345310533420 | Wrote 161 bytes
sleep(19821 μs) |    388 | 1345330524609 | Wrote 161 bytes
sleep(19833 μs) |    389 | 1345350470731 | Wrote 161 bytes
sleep(19886 μs) |    390 | 1345370460574 | Wrote 161 bytes
sleep(19895 μs) |    391 | 1345390469038 | Wrote 161 bytes
sleep(19886 μs) |    392 | 1345410470133 | Wrote 161 bytes
sleep(19884 μs) |    393 | 1345430513319 | Wrote 161 bytes
sleep(19844 μs) |    394 | 1345450517008 | Wrote 161 bytes
sleep(19841 μs) |    395 | 1345470461196 | Wrote 161 bytes
sleep(19895 μs) |    396 | 1345490485781 | Wrote 161 bytes
sleep(19860 μs) |    397 | 1345510490214 | Wrote 161 bytes
sleep(19868 μs) |    398 | 1345530508111 | Wrote 161 bytes
sleep(19850 μs) |    399 | 1345550516168 | Wrote 161 bytes
sleep(19842 μs) |    400 | 1345570505007 | Wrote 161 bytes
sleep(19851 μs) |    401 | 1345590532882 | Wrote 161 bytes
sleep(19824 μs) |    402 | 1345610460245 | Wrote 161 bytes
sleep(19897 μs) |    403 | 1345630542362 | Wrote 161 bytes
sleep(19814 μs) |    404 | 1345650512996 | Wrote 161 bytes
sleep(19845 μs) |    405 | 1345670519625 | Wrote 161 bytes
sleep(19837 μs) |    406 | 1345690599028 | Wrote 161 bytes
sleep(19757 μs) |    407 | 1345710525949 | Wrote 161 bytes
sleep(19830 μs) |    408 | 1345730466819 | Wrote 161 bytes
sleep(19889 μs) |    409 | 1345750541938 | Wrote 161 bytes
sleep(19814 μs) |    410 | 1345770527853 | Wrote 161 bytes
sleep(19825 μs) |    411 | 1345790527821 | Wrote 161 bytes
sleep(19829 μs) |    412 | 1345810511523 | Wrote 161 bytes
sleep(19847 μs) |    413 | 1345830469482 | Wrote 161 bytes
sleep(19886 μs) |    414 | 1345850532795 | Wrote 161 bytes
sleep(19825 μs) |    415 | 1345885828358 | Wrote 161 bytes
sleep(4525 μs) |    416 | 1345890457173 | Wrote 161 bytes
sleep(19900 μs) |    417 | 1345910507012 | Wrote 161 bytes
sleep(19850 μs) |    418 | 1345930466960 | Wrote 161 bytes
sleep(19887 μs) |    419 | 1345950499322 | Wrote 161 bytes
sleep(19856 μs) |    420 | 1345970514896 | Wrote 161 bytes
sleep(19841 μs) |    421 | 1345990523353 | Wrote 161 bytes
sleep(19833 μs) |    422 | 1346010498114 | Wrote 161 bytes
sleep(19859 μs) |    423 | 1346030463670 | Wrote 161 bytes
sleep(19894 μs) |    424 | 1346050578588 | Wrote 161 bytes
sleep(19781 μs) |    425 | 1346070450526 | Wrote 161 bytes
sleep(19906 μs) |    426 | 1346090519802 | Wrote 161 bytes
sleep(19835 μs) |    427 | 1346110533353 | Wrote 161 bytes
sleep(19823 μs) |    428 | 1346130541399 | Wrote 161 bytes
sleep(19814 μs) |    429 | 1346150548129 | Wrote 161 bytes
sleep(19806 μs) |    430 | 1346170456758 | Wrote 161 bytes
sleep(19899 μs) |    431 | 1346190522166 | Wrote 161 bytes
sleep(19832 μs) |    432 | 1346210521269 | Wrote 161 bytes
sleep(19835 μs) |    433 | 1346230516273 | Wrote 161 bytes
sleep(19841 μs) |    434 | 1346250458584 | Wrote 161 bytes
sleep(19897 μs) |    435 | 1346270492264 | Wrote 161 bytes
sleep(19865 μs) |    436 | 1346290456890 | Wrote 161 bytes
sleep(19897 μs) |    437 | 1346310579244 | Wrote 161 bytes
sleep(19777 μs) |    438 | 1346330518873 | Wrote 161 bytes
sleep(19839 μs) |    439 | 1346350492048 | Wrote 161 bytes
sleep(19864 μs) |    440 | 1346370462454 | Wrote 161 bytes
sleep(19895 μs) |    441 | 1346390506620 | Wrote 161 bytes
sleep(19850 μs) |    442 | 1346410489611 | Wrote 161 bytes
sleep(19865 μs) |    443 | 1346430516675 | Wrote 161 bytes
sleep(19842 μs) |    444 | 1346450517522 | Wrote 161 bytes
sleep(19838 μs) |    445 | 1346470514998 | Wrote 161 bytes
sleep(19842 μs) |    446 | 1346490519190 | Wrote 161 bytes
sleep(19838 μs) |    447 | 1346510480887 | Wrote 161 bytes
sleep(19879 μs) |    448 | 1346530433069 | Wrote 161 bytes
sleep(19927 μs) |    449 | 1346550472873 | Wrote 161 bytes
sleep(19869 μs) |    450 | 1346570532518 | Wrote 161 bytes
sleep(19826 μs) |    451 | 1346590534613 | Wrote 161 bytes
sleep(19824 μs) |    452 | 1346610524528 | Wrote 161 bytes
sleep(19830 μs) |    453 | 1346630483595 | Wrote 161 bytes
sleep(19872 μs) |    454 | 1346650502858 | Wrote 161 bytes
sleep(19855 μs) |    455 | 1346670520089 | Wrote 161 bytes
sleep(19836 μs) |    456 | 1346690504403 | Wrote 161 bytes
sleep(19853 μs) |    457 | 1346710525594 | Wrote 161 bytes
sleep(19828 μs) |    458 | 1346730514269 | Wrote 161 bytes
sleep(19842 μs) |    459 | 1346750503520 | Wrote 161 bytes
sleep(19854 μs) |    460 | 1346770516609 | Wrote 161 bytes
sleep(19840 μs) |    461 | 1346790518125 | Wrote 161 bytes
sleep(19838 μs) |    462 | 1346810553867 | Wrote 161 bytes
sleep(19802 μs) |    463 | 1346830509559 | Wrote 161 bytes
sleep(19846 μs) |    464 | 1346850478393 | Wrote 161 bytes
sleep(19877 μs) |    465 | 1346870500425 | Wrote 161 bytes
sleep(19851 μs) |    466 | 1346890515737 | Wrote 161 bytes
sleep(19841 μs) |    467 | 1346910480674 | Wrote 161 bytes
sleep(19876 μs) |    468 | 1346930520296 | Wrote 161 bytes
sleep(19836 μs) |    469 | 1346965870360 | Wrote 161 bytes
sleep(4485 μs) |    470 | 1346970467776 | Wrote 161 bytes
sleep(19887 μs) |    471 | 1346990484577 | Wrote 161 bytes
sleep(19871 μs) |    472 | 1347010521647 | Wrote 161 bytes
sleep(19835 μs) |    473 | 1347030460400 | Wrote 161 bytes
sleep(19895 μs) |    474 | 1347050472497 | Wrote 161 bytes
sleep(19887 μs) |    475 | 1347070579694 | Wrote 161 bytes
sleep(19780 μs) |    476 | 1347090552623 | Wrote 161 bytes
sleep(19808 μs) |    477 | 1347110530253 | Wrote 161 bytes
sleep(19829 μs) |    478 | 1347130542787 | Wrote 161 bytes
sleep(19814 μs) |    479 | 1347150532609 | Wrote 161 bytes
sleep(19826 μs) |    480 | 1347170450545 | Wrote 161 bytes
sleep(19906 μs) |    481 | 1347190515530 | Wrote 161 bytes
sleep(19841 μs) |    482 | 1347210522519 | Wrote 161 bytes
sleep(19832 μs) |    483 | 1347230487001 | Wrote 161 bytes
sleep(19866 μs) |    484 | 1347250514639 | Wrote 161 bytes
sleep(19842 μs) |    485 | 1347270445671 | Wrote 161 bytes
sleep(19912 μs) |    486 | 1347290453943 | Wrote 161 bytes
sleep(19901 μs) |    487 | 1347310519711 | Wrote 161 bytes
sleep(19836 μs) |    488 | 1347330517197 | Wrote 161 bytes
sleep(19841 μs) |    489 | 1347350479859 | Wrote 161 bytes
sleep(19875 μs) |    490 | 1347370512023 | Wrote 161 bytes
sleep(19846 μs) |    491 | 1347390462657 | Wrote 161 bytes
sleep(19893 μs) |    492 | 1347410507567 | Wrote 161 bytes
sleep(19850 μs) |    493 | 1347430513859 | Wrote 161 bytes
sleep(19844 μs) |    494 | 1347450490640 | Wrote 161 bytes
sleep(19866 μs) |    495 | 1347470529527 | Wrote 161 bytes
sleep(19829 μs) |    496 | 1347490460576 | Wrote 161 bytes
sleep(19896 μs) |    497 | 1347510471368 | Wrote 161 bytes
sleep(19886 μs) |    498 | 1347530446755 | Wrote 161 bytes
sleep(19913 μs) |    499 | 1347550483612 | Wrote 161 bytes
sleep(19876 μs) |    500 | 1347570583278 | Wrote 161 bytes
sleep(19777 μs) |    501 | 1347590441767 | Wrote 161 bytes
sleep(19916 μs) |    502 | 1347610447099 | Wrote 161 bytes
sleep(19910 μs) |    503 | 1347630469741 | Wrote 161 bytes
sleep(19888 μs) |    504 | 1347650471973 | Wrote 161 bytes
sleep(19881 μs) |    505 | 1347670512032 | Wrote 161 bytes
sleep(19845 μs) |    506 | 1347690512838 | Wrote 161 bytes
sleep(19844 μs) |    507 | 1347710605667 | Wrote 161 bytes
sleep(19749 μs) |    508 | 1347730483905 | Wrote 161 bytes
sleep(19874 μs) |    509 | 1347750469322 | Wrote 161 bytes
sleep(19874 μs) |    510 | 1347770583462 | Wrote 161 bytes
sleep(19777 μs) |    511 | 1347790457319 | Wrote 161 bytes
sleep(19903 μs) |    512 | 1347810448727 | Wrote 161 bytes
sleep(19911 μs) |    513 | 1347830513524 | Wrote 161 bytes
sleep(19844 μs) |    514 | 1347850468141 | Wrote 161 bytes
sleep(19888 μs) |    515 | 1347870515640 | Wrote 161 bytes
sleep(19841 μs) |    516 | 1347890482357 | Wrote 161 bytes
sleep(19873 μs) |    517 | 1347910482661 | Wrote 161 bytes
sleep(19871 μs) |    518 | 1347930466879 | Wrote 161 bytes
sleep(19889 μs) |    519 | 1347950506823 | Wrote 161 bytes
sleep(19849 μs) |    520 | 1347970528952 | Wrote 161 bytes
sleep(19825 μs) |    521 | 1347990481647 | Wrote 161 bytes
sleep(19873 μs) |    522 | 1348010478710 | Wrote 161 bytes
sleep(19877 μs) |    523 | 1348030460166 | Wrote 161 bytes
sleep(19895 μs) |    524 | 1348050564058 | Wrote 161 bytes
sleep(19797 μs) |    525 | 1348070535870 | Wrote 161 bytes
sleep(19825 μs) |    526 | 1348090471039 | Wrote 161 bytes
sleep(19890 μs) |    527 | 1348110468572 | Wrote 161 bytes
sleep(19888 μs) |    528 | 1348130517579 | Wrote 161 bytes
sleep(19837 μs) |    529 | 1348150447590 | Wrote 161 bytes
sleep(19910 μs) |    530 | 1348170508861 | Wrote 161 bytes
sleep(19845 μs) |    531 | 1348190507505 | Wrote 161 bytes
sleep(19849 μs) |    532 | 1348210521376 | Wrote 161 bytes
sleep(19836 μs) |    533 | 1348230515088 | Wrote 161 bytes
sleep(19821 μs) |    534 | 1348250513060 | Wrote 161 bytes
sleep(19842 μs) |    535 | 1348270470759 | Wrote 161 bytes
sleep(19884 μs) |    536 | 1348290527600 | Wrote 161 bytes
sleep(19828 μs) |    537 | 1348310454888 | Wrote 161 bytes
sleep(19901 μs) |    538 | 1348330489871 | Wrote 161 bytes
sleep(19863 μs) |    539 | 1348350550955 | Wrote 161 bytes
sleep(19806 μs) |    540 | 1348370472156 | Wrote 161 bytes
sleep(19883 μs) |    541 | 1348390514710 | Wrote 161 bytes
sleep(19842 μs) |    542 | 1348410512340 | Wrote 161 bytes
sleep(19845 μs) |    543 | 1348430479325 | Wrote 161 bytes
sleep(19874 μs) |    544 | 1348450508774 | Wrote 161 bytes
sleep(19848 μs) |    545 | 1348470466195 | Wrote 161 bytes
sleep(19890 μs) |    546 | 1348490516209 | Wrote 161 bytes
sleep(19840 μs) |    547 | 1348510481405 | Wrote 161 bytes
sleep(19878 μs) |    548 | 1348530466799 | Wrote 161 bytes
sleep(19894 μs) |    549 | 1348550487553 | Wrote 161 bytes
sleep(19873 μs) |    550 | 1348570440355 | Wrote 161 bytes
sleep(19918 μs) |    551 | 1348590488239 | Wrote 161 bytes
sleep(19873 μs) |    552 | 1348610513464 | Wrote 161 bytes
sleep(19847 μs) |    553 | 1348630482275 | Wrote 161 bytes
sleep(19872 μs) |    554 | 1348650450569 | Wrote 161 bytes
sleep(19907 μs) |    555 | 1348670539702 | Wrote 161 bytes
sleep(19817 μs) |    556 | 1348690463444 | Wrote 161 bytes
sleep(19893 μs) |    557 | 1348710512586 | Wrote 161 bytes
sleep(19844 μs) |    558 | 1348730505242 | Wrote 161 bytes
sleep(19851 μs) |    559 | 1348750511229 | Wrote 161 bytes
sleep(19845 μs) |    560 | 1348770491556 | Wrote 161 bytes
sleep(19866 μs) |    561 | 1348790515501 | Wrote 161 bytes
sleep(19840 μs) |    562 | 1348810468185 | Wrote 161 bytes
sleep(19886 μs) |    563 | 1348830472082 | Wrote 161 bytes
sleep(19885 μs) |    564 | 1348850523210 | Wrote 161 bytes
sleep(19832 μs) |    565 | 1348870521515 | Wrote 161 bytes
sleep(19835 μs) |    566 | 1348890512987 | Wrote 161 bytes
sleep(19844 μs) |    567 | 1348910469737 | Wrote 161 bytes
sleep(19887 μs) |    568 | 1348930518855 | Wrote 161 bytes
sleep(19837 μs) |    569 | 1348950516832 | Wrote 161 bytes
sleep(19840 μs) |    570 | 1348970524975 | Wrote 161 bytes
sleep(19832 μs) |    571 | 1348990511384 | Wrote 161 bytes
sleep(19843 μs) |    572 | 1349010523656 | Wrote 161 bytes
sleep(19831 μs) |    573 | 1349030487394 | Wrote 161 bytes
sleep(19871 μs) |    574 | 1349050500416 | Wrote 161 bytes
sleep(19859 μs) |    575 | 1349070513778 | Wrote 161 bytes
sleep(19844 μs) |    576 | 1349090515491 | Wrote 161 bytes
sleep(19843 μs) |    577 | 1349110521748 | Wrote 161 bytes
sleep(19834 μs) |    578 | 1349130472081 | Wrote 161 bytes
sleep(19885 μs) |    579 | 1349150514774 | Wrote 161 bytes
sleep(19843 μs) |    580 | 1349170524104 | Wrote 161 bytes
sleep(19831 μs) |    581 | 1349190515452 | Wrote 161 bytes
sleep(19842 μs) |    582 | 1349210516459 | Wrote 161 bytes
sleep(19840 μs) |    583 | 1349230516816 | Wrote 161 bytes
sleep(19840 μs) |    584 | 1349250517547 | Wrote 161 bytes
sleep(19840 μs) |    585 | 1349270542058 | Wrote 161 bytes
sleep(19814 μs) |    586 | 1349290509354 | Wrote 161 bytes
sleep(19848 μs) |    587 | 1349310513873 | Wrote 161 bytes
sleep(19842 μs) |    588 | 1349330525505 | Wrote 161 bytes
sleep(19831 μs) |    589 | 1349350517265 | Wrote 161 bytes
sleep(19841 μs) |    590 | 1349370473963 | Wrote 161 bytes
sleep(19880 μs) |    591 | 1349390513290 | Wrote 161 bytes
sleep(19844 μs) |    592 | 1349410510706 | Wrote 161 bytes
sleep(19847 μs) |    593 | 1349430518492 | Wrote 161 bytes
sleep(19836 μs) |    594 | 1349450505278 | Wrote 161 bytes
sleep(19853 μs) |    595 | 1349470519181 | Wrote 161 bytes
sleep(19834 μs) |    596 | 1349490508842 | Wrote 161 bytes
sleep(19848 μs) |    597 | 1349510507426 | Wrote 161 bytes
sleep(19850 μs) |    598 | 1349530501057 | Wrote 161 bytes
sleep(19853 μs) |    599 | 1349550478186 | Wrote 161 bytes
sleep(19880 μs) |    600 | 1349570465601 | Wrote 161 bytes
sleep(19893 μs) |    601 | 1349590425091 | Wr